<?xml version="1.0" encoding="UTF-8"?>
<TestRun id="51645bb9-587e-41ac-8ab3-d9c7ada7d352" name="GH@GH-PC 2011-01-09 13:18:38" runUser="GH-PC\GH" xmlns="http://microsoft.com/schemas/VisualStudio/TeamTest/2010">
  <TestSettings name="Trace and Test Impact" id="d5905610-2a10-4318-8485-fca1acb20569">
    <Description>These are test settings for Trace and Test Impact.</Description>
    <Deployment runDeploymentRoot="GH_GH-PC 2011-01-09 13_18_38">
      <DeploymentItem filename="H:\Project\第五届\SimpleMiku\Miku.DAL\bin\Debug\Miku.DAL.dll" />
      <DeploymentItem filename="F:\TDDOWNLOAD\Rhino.Mocks-3.6\Rhino.Mocks.dll" />
    </Deployment>
    <Execution>
      <TestTypeSpecific />
      <AgentRule name="Execution Agents">
        <DataCollectors>
          <DataCollector uri="datacollector://microsoft/ActionLog/1.0" assemblyQualifiedName="Microsoft.VisualStudio.TestTools.ManualTest.ActionLog.ActionLogPlugin, Microsoft.VisualStudio.TestTools.ManualTest.ActionLog, Version=10.0.0.0, Culture=neutral, PublicKeyToken=b03f5f7f11d50a3a" friendlyName="Actions">
          </DataCollector>
          <DataCollector uri="datacollector://microsoft/SystemInfo/1.0" assemblyQualifiedName="Microsoft.VisualStudio.TestTools.DataCollection.SystemInfo.SystemInfoDataCollector, Microsoft.VisualStudio.TestTools.DataCollection.SystemInfo, Version=10.0.0.0, Culture=neutral, PublicKeyToken=b03f5f7f11d50a3a" friendlyName="System Information">
          </DataCollector>
          <DataCollector uri="datacollector://microsoft/HttpProxy/1.0" assemblyQualifiedName="Microsoft.VisualStudio.TraceCollector.HttpProxyCollector, Microsoft.VisualStudio.TraceCollector, Version=10.0.0.0, Culture=neutral, PublicKeyToken=b03f5f7f11d50a3a" friendlyName="ASP.NET Client Proxy for IntelliTrace and Test Impact">
          </DataCollector>
          <DataCollector uri="datacollector://microsoft/TestImpact/1.0" assemblyQualifiedName="Microsoft.VisualStudio.TraceCollector.TestImpactDataCollector, Microsoft.VisualStudio.TraceCollector, Version=10.0.0.0, Culture=neutral, PublicKeyToken=b03f5f7f11d50a3a" friendlyName="Test Impact">
          </DataCollector>
          <DataCollector uri="datacollector://microsoft/TraceDebugger/1.0" assemblyQualifiedName="Microsoft.VisualStudio.TraceCollector.TraceDebuggerDataCollector, Microsoft.VisualStudio.TraceCollector, Version=10.0.0.0, Culture=neutral, PublicKeyToken=b03f5f7f11d50a3a" friendlyName="IntelliTrace">
          </DataCollector>
        </DataCollectors>
      </AgentRule>
    </Execution>
  </TestSettings>
  <Times creation="2011-01-09T13:18:38.4922390+08:00" queuing="2011-01-09T13:18:49.8598892+08:00" start="2011-01-09T13:19:22.8907784+08:00" finish="2011-01-09T13:19:33.5533883+08:00" />
  <ResultSummary outcome="Completed">
    <Counters total="4" executed="4" passed="4" error="0" failed="0" timeout="0" aborted="0" inconclusive="0" passedButRunAborted="0" notRunnable="0" notExecuted="0" disconnected="0" warning="0" completed="0" inProgress="0" pending="0" />
    <CollectorDataEntries>
      <Collector agentName="GH-PC" uri="datacollector://microsoft/SystemInfo/1.0" collectorDisplayName="System Information">
        <UriAttachments>
          <UriAttachment>
            <A href="GH-PC\SystemInformation.xml">GH-PC 中的系统信息</A>
          </UriAttachment>
        </UriAttachments>
      </Collector>
    </CollectorDataEntries>
  </ResultSummary>
  <TestDefinitions>
    <UnitTest name="AddSystemUserTest" storage="h:\project\第五届\simplemiku\miku.test\bin\debug\miku.dal.test.dll" id="cb426fa7-d3c8-c49c-754d-7f807e020ea4">
      <Execution id="3e155c08-d539-484a-9aee-aa13fc1f4af9" />
      <TestMethod codeBase="H:/Project/第五届/SimpleMiku/Miku.Test/bin/Debug/Miku.DAL.Test.DLL" adapterTypeName="Microsoft.VisualStudio.TestTools.TestTypes.Unit.UnitTestAdapter, Microsoft.VisualStudio.QualityTools.Tips.UnitTest.Adapter, Version=10.0.0.0, Culture=neutral, PublicKeyToken=b03f5f7f11d50a3a" className="Miku.DAL.Test.DataAccessTest, Miku.DAL.Test, Version=1.0.0.0, Culture=neutral, PublicKeyToken=null" name="AddSystemUserTest" />
    </UnitTest>
    <UnitTest name="UpdateSystemUserTest" storage="h:\project\第五届\simplemiku\miku.test\bin\debug\miku.dal.test.dll" id="98c7fe14-f1ac-4f77-d7a3-583cc3316077">
      <Execution id="34ad85cc-48f0-4ef1-b956-ebf190334051" />
      <TestMethod codeBase="H:/Project/第五届/SimpleMiku/Miku.Test/bin/Debug/Miku.DAL.Test.DLL" adapterTypeName="Microsoft.VisualStudio.TestTools.TestTypes.Unit.UnitTestAdapter, Microsoft.VisualStudio.QualityTools.Tips.UnitTest.Adapter, Version=10.0.0.0, Culture=neutral, PublicKeyToken=b03f5f7f11d50a3a" className="Miku.DAL.Test.DataAccessTest, Miku.DAL.Test, Version=1.0.0.0, Culture=neutral, PublicKeyToken=null" name="UpdateSystemUserTest" />
    </UnitTest>
    <UnitTest name="GetSystemUserByLoginNameTest" storage="h:\project\第五届\simplemiku\miku.test\bin\debug\miku.dal.test.dll" id="19a2c8ee-1fff-1281-9424-5afee01c6ed8">
      <Execution id="a5c22f85-b9da-4769-a359-e6ba0411fce9" />
      <TestMethod codeBase="H:/Project/第五届/SimpleMiku/Miku.Test/bin/Debug/Miku.DAL.Test.DLL" adapterTypeName="Microsoft.VisualStudio.TestTools.TestTypes.Unit.UnitTestAdapter, Microsoft.VisualStudio.QualityTools.Tips.UnitTest.Adapter, Version=10.0.0.0, Culture=neutral, PublicKeyToken=b03f5f7f11d50a3a" className="Miku.DAL.Test.DataAccessTest, Miku.DAL.Test, Version=1.0.0.0, Culture=neutral, PublicKeyToken=null" name="GetSystemUserByLoginNameTest" />
    </UnitTest>
    <UnitTest name="DeleteSystemUserTest" storage="h:\project\第五届\simplemiku\miku.test\bin\debug\miku.dal.test.dll" id="e1816916-68e8-1934-fd49-70c2b0665666">
      <Execution id="952434df-7ad4-45bf-8d3e-49ecdf0e82ca" />
      <TestMethod codeBase="H:/Project/第五届/SimpleMiku/Miku.Test/bin/Debug/Miku.DAL.Test.DLL" adapterTypeName="Microsoft.VisualStudio.TestTools.TestTypes.Unit.UnitTestAdapter, Microsoft.VisualStudio.QualityTools.Tips.UnitTest.Adapter, Version=10.0.0.0, Culture=neutral, PublicKeyToken=b03f5f7f11d50a3a" className="Miku.DAL.Test.DataAccessTest, Miku.DAL.Test, Version=1.0.0.0, Culture=neutral, PublicKeyToken=null" name="DeleteSystemUserTest" />
    </UnitTest>
  </TestDefinitions>
  <TestLists>
    <TestList name="Results Not in a List" id="8c84fa94-04c1-424b-9868-57a2d4851a1d" />
    <TestList name="All Loaded Results" id="19431567-8539-422a-85d7-44ee4e166bda" />
  </TestLists>
  <TestEntries>
    <TestEntry testId="19a2c8ee-1fff-1281-9424-5afee01c6ed8" executionId="a5c22f85-b9da-4769-a359-e6ba0411fce9" testListId="8c84fa94-04c1-424b-9868-57a2d4851a1d" />
    <TestEntry testId="98c7fe14-f1ac-4f77-d7a3-583cc3316077" executionId="34ad85cc-48f0-4ef1-b956-ebf190334051" testListId="8c84fa94-04c1-424b-9868-57a2d4851a1d" />
    <TestEntry testId="cb426fa7-d3c8-c49c-754d-7f807e020ea4" executionId="3e155c08-d539-484a-9aee-aa13fc1f4af9" testListId="8c84fa94-04c1-424b-9868-57a2d4851a1d" />
    <TestEntry testId="e1816916-68e8-1934-fd49-70c2b0665666" executionId="952434df-7ad4-45bf-8d3e-49ecdf0e82ca" testListId="8c84fa94-04c1-424b-9868-57a2d4851a1d" />
  </TestEntries>
  <Results>
    <UnitTestResult executionId="a5c22f85-b9da-4769-a359-e6ba0411fce9" testId="19a2c8ee-1fff-1281-9424-5afee01c6ed8" testName="GetSystemUserByLoginNameTest" computerName="GH-PC" duration="00:00:02.8094660" startTime="2011-01-09T13:19:23.6508219+08:00" endTime="2011-01-09T13:19:29.9851842+08:00" testType="13cdc9d9-ddb5-4fa4-a97d-d965ccfc6d4b" outcome="Passed" testListId="8c84fa94-04c1-424b-9868-57a2d4851a1d" relativeResultsDirectory="a5c22f85-b9da-4769-a359-e6ba0411fce9">
      <CollectorDataEntries>
        <Collector agentName="GH-PC" uri="datacollector://microsoft/SystemInfo/1.0" collectorDisplayName="System Information">
          <UriAttachments>
            <UriAttachment>
              <A href="GH-PC\SystemInformation.xml">GH-PC 中的系统信息</A>
            </UriAttachment>
          </UriAttachments>
        </Collector>
        <Collector agentName="GH-PC" uri="datacollector://microsoft/TestImpact/1.0" collectorDisplayName="Test Impact">
          <UriAttachments>
            <UriAttachment>
              <A href="GH-PC\testimpact.xml">Test Impact Data</A>
            </UriAttachment>
          </UriAttachments>
        </Collector>
      </CollectorDataEntries>
      <DataCollectorMessages>
        <DataCollectorMessage timestamp="2011-01-09T13:19:27.3940360+08:00" dataCollectorUri="datacollector://microsoft/HttpProxy/1.0" dataCollectorFriendlyName="ASP.NET Client Proxy for IntelliTrace and Test Impact" agentName="GH-PC" level="Warning">
          <Text>An error occurred while processing a web request: PRXY0006: DNS failed to resolve the host name to address: talkx.l.google.com. 不知道这样的主机。</Text>
        </DataCollectorMessage>
        <DataCollectorMessage timestamp="2011-01-09T13:19:27.4200375+08:00" dataCollectorUri="datacollector://microsoft/HttpProxy/1.0" dataCollectorFriendlyName="ASP.NET Client Proxy for IntelliTrace and Test Impact" agentName="GH-PC" level="Warning">
          <Text>An error occurred while processing a web request: PRXY0006: DNS failed to resolve the host name to address: talkx.l.google.com. 不知道这样的主机。</Text>
        </DataCollectorMessage>
      </DataCollectorMessages>
    </UnitTestResult>
    <UnitTestResult executionId="34ad85cc-48f0-4ef1-b956-ebf190334051" testId="98c7fe14-f1ac-4f77-d7a3-583cc3316077" testName="UpdateSystemUserTest" computerName="GH-PC" duration="00:00:00.0567586" startTime="2011-01-09T13:19:30.0091856+08:00" endTime="2011-01-09T13:19:30.2451991+08:00" testType="13cdc9d9-ddb5-4fa4-a97d-d965ccfc6d4b" outcome="Passed" testListId="8c84fa94-04c1-424b-9868-57a2d4851a1d" relativeResultsDirectory="34ad85cc-48f0-4ef1-b956-ebf190334051">
      <CollectorDataEntries>
        <Collector agentName="GH-PC" uri="datacollector://microsoft/SystemInfo/1.0" collectorDisplayName="System Information">
          <UriAttachments>
            <UriAttachment>
              <A href="GH-PC\SystemInformation.xml">GH-PC 中的系统信息</A>
            </UriAttachment>
          </UriAttachments>
        </Collector>
        <Collector agentName="GH-PC" uri="datacollector://microsoft/TestImpact/1.0" collectorDisplayName="Test Impact">
          <UriAttachments>
            <UriAttachment>
              <A href="GH-PC\testimpact.xml">Test Impact Data</A>
            </UriAttachment>
          </UriAttachments>
        </Collector>
      </CollectorDataEntries>
    </UnitTestResult>
    <UnitTestResult executionId="3e155c08-d539-484a-9aee-aa13fc1f4af9" testId="cb426fa7-d3c8-c49c-754d-7f807e020ea4" testName="AddSystemUserTest" computerName="GH-PC" duration="00:00:00.0716152" startTime="2011-01-09T13:19:30.2602000+08:00" endTime="2011-01-09T13:19:30.4392102+08:00" testType="13cdc9d9-ddb5-4fa4-a97d-d965ccfc6d4b" outcome="Passed" testListId="8c84fa94-04c1-424b-9868-57a2d4851a1d" relativeResultsDirectory="3e155c08-d539-484a-9aee-aa13fc1f4af9">
      <CollectorDataEntries>
        <Collector agentName="GH-PC" uri="datacollector://microsoft/SystemInfo/1.0" collectorDisplayName="System Information">
          <UriAttachments>
            <UriAttachment>
              <A href="GH-PC\SystemInformation.xml">GH-PC 中的系统信息</A>
            </UriAttachment>
          </UriAttachments>
        </Collector>
        <Collector agentName="GH-PC" uri="datacollector://microsoft/TestImpact/1.0" collectorDisplayName="Test Impact">
          <UriAttachments>
            <UriAttachment>
              <A href="GH-PC\testimpact.xml">Test Impact Data</A>
            </UriAttachment>
          </UriAttachments>
        </Collector>
      </CollectorDataEntries>
    </UnitTestResult>
    <UnitTestResult executionId="952434df-7ad4-45bf-8d3e-49ecdf0e82ca" testId="e1816916-68e8-1934-fd49-70c2b0665666" testName="DeleteSystemUserTest" computerName="GH-PC" duration="00:00:00.0006852" startTime="2011-01-09T13:19:30.4602114+08:00" endTime="2011-01-09T13:19:30.7242265+08:00" testType="13cdc9d9-ddb5-4fa4-a97d-d965ccfc6d4b" outcome="Passed" testListId="8c84fa94-04c1-424b-9868-57a2d4851a1d" relativeResultsDirectory="952434df-7ad4-45bf-8d3e-49ecdf0e82ca">
      <CollectorDataEntries>
        <Collector agentName="GH-PC" uri="datacollector://microsoft/SystemInfo/1.0" collectorDisplayName="System Information">
          <UriAttachments>
            <UriAttachment>
              <A href="GH-PC\SystemInformation.xml">GH-PC 中的系统信息</A>
            </UriAttachment>
          </UriAttachments>
        </Collector>
        <Collector agentName="GH-PC" uri="datacollector://microsoft/TestImpact/1.0" collectorDisplayName="Test Impact">
          <UriAttachments>
            <UriAttachment>
              <A href="GH-PC\testimpact.xml">Test Impact Data</A>
            </UriAttachment>
          </UriAttachments>
        </Collector>
      </CollectorDataEntries>
    </UnitTestResult>
  </Results>
</TestRun>