<?xml version="1.0" encoding="UTF-8"?>
<TestRun id="3dc15861-f5a3-4d8f-87f5-3eec95bcad70" name="GH@GH-PC 2010-11-28 12:59:48" runUser="GH-PC\GH" xmlns="http://microsoft.com/schemas/VisualStudio/TeamTest/2010">
  <TestSettings name="Local" id="bb1d265e-4737-41bc-af0d-b611d037b4bb">
    <Description>These are default test settings for a local test run.</Description>
    <Deployment enabled="false" runDeploymentRoot="GH_GH-PC 2010-11-28 12_59_48">
      <DeploymentItem filename="H:\Project\第五届\Miku\Miku.DAL\bin\Debug\Miku.DAL.dll" />
    </Deployment>
    <Execution>
      <TestTypeSpecific />
      <AgentRule name="Execution Agents">
      </AgentRule>
    </Execution>
  </TestSettings>
  <Times creation="2010-11-28T12:59:48.4749693+08:00" queuing="2010-11-28T12:59:55.2723581+08:00" start="2010-11-28T12:59:55.5843759+08:00" finish="2010-11-28T13:00:00.2086404+08:00" />
  <ResultSummary outcome="Failed">
    <Counters total="1" executed="1" error="0" failed="1" timeout="0" aborted="0" inconclusive="0" passedButRunAborted="0" notRunnable="0" notExecuted="0" disconnected="0" warning="0" passed="0" completed="0" inProgress="0" pending="0" />
  </ResultSummary>
  <TestDefinitions>
    <UnitTest name="TestMethod1" storage="h:\project\第五届\miku\miku.test\bin\debug\miku.dal.test.dll" id="37000805-e3d3-d194-910e-da500061ff69">
      <Execution id="92de6188-066b-43fa-9b20-1ff57aa6d81d" />
      <TestMethod codeBase="H:/Project/第五届/Miku/Miku.Test/bin/Debug/Miku.DAL.Test.DLL" adapterTypeName="Microsoft.VisualStudio.TestTools.TestTypes.Unit.UnitTestAdapter, Microsoft.VisualStudio.QualityTools.Tips.UnitTest.Adapter, Version=10.0.0.0, Culture=neutral, PublicKeyToken=b03f5f7f11d50a3a" className="Miku.DAL.Test.UnitTest1, Miku.DAL.Test, Version=1.0.0.0, Culture=neutral, PublicKeyToken=null" name="TestMethod1" />
    </UnitTest>
  </TestDefinitions>
  <TestLists>
    <TestList name="Results Not in a List" id="8c84fa94-04c1-424b-9868-57a2d4851a1d" />
    <TestList name="All Loaded Results" id="19431567-8539-422a-85d7-44ee4e166bda" />
  </TestLists>
  <TestEntries>
    <TestEntry testId="37000805-e3d3-d194-910e-da500061ff69" executionId="92de6188-066b-43fa-9b20-1ff57aa6d81d" testListId="8c84fa94-04c1-424b-9868-57a2d4851a1d" />
  </TestEntries>
  <Results>
    <UnitTestResult executionId="92de6188-066b-43fa-9b20-1ff57aa6d81d" testId="37000805-e3d3-d194-910e-da500061ff69" testName="TestMethod1" computerName="GH-PC" duration="00:00:01.6291253" startTime="2010-11-28T12:59:56.2884162+08:00" endTime="2010-11-28T13:00:00.0556317+08:00" testType="13cdc9d9-ddb5-4fa4-a97d-d965ccfc6d4b" outcome="Failed" testListId="8c84fa94-04c1-424b-9868-57a2d4851a1d" relativeResultsDirectory="92de6188-066b-43fa-9b20-1ff57aa6d81d">
      <Output>
        <ErrorInfo>
          <Message>测试方法 Miku.DAL.Test.UnitTest1.TestMethod1 引发了异常: 
System.InvalidOperationException: 由于“Table(SystemUser)”没有主键，因此无法在其上执行 Create、Update 或 Delete 操作。</Message>
          <StackTrace>    在 System.Data.Linq.Table`1.CheckReadOnly()
   在 System.Data.Linq.Table`1.InsertOnSubmit(TEntity entity)
   在 Miku.DAL.Test.UnitTest1.TestMethod1() 位置 H:\Project\第五届\Miku\Miku.Test\UnitTest1.cs:行号 20
</StackTrace>
        </ErrorInfo>
      </Output>
    </UnitTestResult>
  </Results>
</TestRun>