<?xml version="1.0" encoding="UTF-8"?>
<TestRun id="99922276-0bd3-4037-9ecf-d34601aac20d" name="GH@GH-PC 2010-11-28 13:17:26" runUser="GH-PC\GH" xmlns="http://microsoft.com/schemas/VisualStudio/TeamTest/2010">
  <TestSettings name="Local" id="bb1d265e-4737-41bc-af0d-b611d037b4bb">
    <Description>These are default test settings for a local test run.</Description>
    <Deployment userDeploymentRoot="H:\Project\第五届\Miku\TestResults" useDefaultDeploymentRoot="false" enabled="false" runDeploymentRoot="GH_GH-PC 2010-11-28 13_17_26">
      <DeploymentItem filename="H:\Project\第五届\Miku\Miku.DAL\bin\Debug\Miku.DAL.dll" />
    </Deployment>
    <Execution>
      <TestTypeSpecific />
      <AgentRule name="Execution Agents">
      </AgentRule>
    </Execution>
  </TestSettings>
  <Times creation="2010-11-28T13:17:26.8485048+08:00" queuing="2010-11-28T13:17:26.8545051+08:00" start="2010-11-28T13:17:26.8715061+08:00" finish="2010-11-28T13:17:27.4605398+08:00" />
  <ResultSummary outcome="Failed">
    <Counters total="1" executed="1" error="0" failed="1" timeout="0" aborted="0" inconclusive="0" passedButRunAborted="0" notRunnable="0" notExecuted="0" disconnected="0" warning="0" passed="0" completed="0" inProgress="0" pending="0" />
  </ResultSummary>
  <TestDefinitions>
    <UnitTest name="TestMethod1" storage="h:\project\第五届\miku\miku.test\bin\debug\miku.dal.test.dll" id="37000805-e3d3-d194-910e-da500061ff69">
      <Execution id="738b394c-17fa-4839-9cdb-0e10f8e82856" />
      <TestMethod codeBase="H:/Project/第五届/Miku/Miku.Test/bin/Debug/Miku.DAL.Test.DLL" adapterTypeName="Microsoft.VisualStudio.TestTools.TestTypes.Unit.UnitTestAdapter, Microsoft.VisualStudio.QualityTools.Tips.UnitTest.Adapter, Version=10.0.0.0, Culture=neutral, PublicKeyToken=b03f5f7f11d50a3a" className="Miku.DAL.Test.UnitTest1, Miku.DAL.Test, Version=1.0.0.0, Culture=neutral, PublicKeyToken=null" name="TestMethod1" />
    </UnitTest>
  </TestDefinitions>
  <TestLists>
    <TestList name="Results Not in a List" id="8c84fa94-04c1-424b-9868-57a2d4851a1d" />
    <TestList name="All Loaded Results" id="19431567-8539-422a-85d7-44ee4e166bda" />
  </TestLists>
  <TestEntries>
    <TestEntry testId="37000805-e3d3-d194-910e-da500061ff69" executionId="738b394c-17fa-4839-9cdb-0e10f8e82856" testListId="8c84fa94-04c1-424b-9868-57a2d4851a1d" />
  </TestEntries>
  <Results>
    <UnitTestResult executionId="738b394c-17fa-4839-9cdb-0e10f8e82856" testId="37000805-e3d3-d194-910e-da500061ff69" testName="TestMethod1" computerName="GH-PC" duration="00:00:00.1487556" startTime="2010-11-28T13:17:26.8845068+08:00" endTime="2010-11-28T13:17:27.4245377+08:00" testType="13cdc9d9-ddb5-4fa4-a97d-d965ccfc6d4b" outcome="Failed" testListId="8c84fa94-04c1-424b-9868-57a2d4851a1d" relativeResultsDirectory="738b394c-17fa-4839-9cdb-0e10f8e82856">
      <Output>
        <ErrorInfo>
          <Message>测试方法 Miku.DAL.Test.UnitTest1.TestMethod1 引发了异常: 
System.Data.SqlClient.SqlException: 不能在具有唯一索引 'IX_User' 的对象 'dbo.SystemUser' 中插入重复键的行。
语句已终止。</Message>
          <StackTrace>    在 System.Data.SqlClient.SqlConnection.OnError(SqlException exception, Boolean breakConnection)
   在 System.Data.SqlClient.SqlInternalConnection.OnError(SqlException exception, Boolean breakConnection)
   在 System.Data.SqlClient.TdsParser.ThrowExceptionAndWarning()
   在 System.Data.SqlClient.TdsParser.Run(RunBehavior runBehavior, SqlCommand cmdHandler, SqlDataReader dataStream, BulkCopySimpleResultSet bulkCopyHandler, TdsParserStateObject stateObj)
   在 System.Data.SqlClient.SqlCommand.FinishExecuteReader(SqlDataReader ds, RunBehavior runBehavior, String resetOptionsString)
   在 System.Data.SqlClient.SqlCommand.RunExecuteReaderTds(CommandBehavior cmdBehavior, RunBehavior runBehavior, Boolean returnStream, Boolean async)
   在 System.Data.SqlClient.SqlCommand.RunExecuteReader(CommandBehavior cmdBehavior, RunBehavior runBehavior, Boolean returnStream, String method, DbAsyncResult result)
   在 System.Data.SqlClient.SqlCommand.InternalExecuteNonQuery(DbAsyncResult result, String methodName, Boolean sendToPipe)
   在 System.Data.SqlClient.SqlCommand.ExecuteNonQuery()
   在 System.Data.Linq.SqlClient.SqlProvider.Execute(Expression query, QueryInfo queryInfo, IObjectReaderFactory factory, Object[] parentArgs, Object[] userArgs, ICompiledSubQuery[] subQueries, Object lastResult)
   在 System.Data.Linq.SqlClient.SqlProvider.ExecuteAll(Expression query, QueryInfo[] queryInfos, IObjectReaderFactory factory, Object[] userArguments, ICompiledSubQuery[] subQueries)
   在 System.Data.Linq.SqlClient.SqlProvider.System.Data.Linq.Provider.IProvider.Execute(Expression query)
   在 System.Data.Linq.ChangeDirector.StandardChangeDirector.DynamicInsert(TrackedObject item)
   在 System.Data.Linq.ChangeDirector.StandardChangeDirector.Insert(TrackedObject item)
   在 System.Data.Linq.ChangeProcessor.SubmitChanges(ConflictMode failureMode)
   在 System.Data.Linq.DataContext.SubmitChanges(ConflictMode failureMode)
   在 System.Data.Linq.DataContext.SubmitChanges()
   在 Miku.DAL.Test.UnitTest1.TestMethod1() 位置 H:\Project\第五届\Miku\Miku.Test\UnitTest1.cs:行号 30
</StackTrace>
        </ErrorInfo>
      </Output>
    </UnitTestResult>
  </Results>
</TestRun>