<?xml version="1.0" encoding="UTF-8"?>
<TestRun id="3b5a3bde-4a08-4b9c-a7f0-d7ce748b0084" name="GH@GH-PC 2010-11-28 13:03:37" runUser="GH-PC\GH" xmlns="http://microsoft.com/schemas/VisualStudio/TeamTest/2010">
  <TestSettings name="Local" id="bb1d265e-4737-41bc-af0d-b611d037b4bb">
    <Description>These are default test settings for a local test run.</Description>
    <Deployment userDeploymentRoot="H:\Project\第五届\Miku\TestResults" useDefaultDeploymentRoot="false" enabled="false" runDeploymentRoot="GH_GH-PC 2010-11-28 13_03_37">
      <DeploymentItem filename="H:\Project\第五届\Miku\Miku.DAL\bin\Debug\Miku.DAL.dll" />
    </Deployment>
    <Execution>
      <TestTypeSpecific />
      <AgentRule name="Execution Agents">
      </AgentRule>
    </Execution>
  </TestSettings>
  <Times creation="2010-11-28T13:03:37.3690613+08:00" queuing="2010-11-28T13:03:37.8380881+08:00" start="2010-11-28T13:03:37.9090922+08:00" finish="2010-11-28T13:03:41.3312879+08:00" />
  <ResultSummary outcome="Completed">
    <Counters total="1" executed="1" passed="1" error="0" failed="0" timeout="0" aborted="0" inconclusive="0" passedButRunAborted="0" notRunnable="0" notExecuted="0" disconnected="0" warning="0" completed="0" inProgress="0" pending="0" />
  </ResultSummary>
  <TestDefinitions>
    <UnitTest name="TestMethod1" storage="h:\project\第五届\miku\miku.test\bin\debug\miku.dal.test.dll" id="37000805-e3d3-d194-910e-da500061ff69">
      <Execution id="190535b4-c114-4e8f-985c-014682741115" />
      <TestMethod codeBase="H:/Project/第五届/Miku/Miku.Test/bin/Debug/Miku.DAL.Test.DLL" adapterTypeName="Microsoft.VisualStudio.TestTools.TestTypes.Unit.UnitTestAdapter, Microsoft.VisualStudio.QualityTools.Tips.UnitTest.Adapter, Version=10.0.0.0, Culture=neutral, PublicKeyToken=b03f5f7f11d50a3a" className="Miku.DAL.Test.UnitTest1, Miku.DAL.Test, Version=1.0.0.0, Culture=neutral, PublicKeyToken=null" name="TestMethod1" />
    </UnitTest>
  </TestDefinitions>
  <TestLists>
    <TestList name="Results Not in a List" id="8c84fa94-04c1-424b-9868-57a2d4851a1d" />
    <TestList name="All Loaded Results" id="19431567-8539-422a-85d7-44ee4e166bda" />
  </TestLists>
  <TestEntries>
    <TestEntry testId="37000805-e3d3-d194-910e-da500061ff69" executionId="190535b4-c114-4e8f-985c-014682741115" testListId="8c84fa94-04c1-424b-9868-57a2d4851a1d" />
  </TestEntries>
  <Results>
    <UnitTestResult executionId="190535b4-c114-4e8f-985c-014682741115" testId="37000805-e3d3-d194-910e-da500061ff69" testName="TestMethod1" computerName="GH-PC" duration="00:00:01.2326220" startTime="2010-11-28T13:03:37.9330935+08:00" endTime="2010-11-28T13:03:39.7982002+08:00" testType="13cdc9d9-ddb5-4fa4-a97d-d965ccfc6d4b" outcome="Passed" testListId="8c84fa94-04c1-424b-9868-57a2d4851a1d" relativeResultsDirectory="190535b4-c114-4e8f-985c-014682741115">
    </UnitTestResult>
  </Results>
</TestRun>