<?xml version="1.0" encoding="UTF-8"?>
<TestRun id="01b37fe3-ffa1-4a73-94f0-2a6cbfcfd8b0" name="GH@GH-PC 2011-01-09 00:23:21" runUser="GH-PC\GH" xmlns="http://microsoft.com/schemas/VisualStudio/TeamTest/2010">
  <TestSettings name="Trace and Test Impact" id="d5905610-2a10-4318-8485-fca1acb20569">
    <Description>These are test settings for Trace and Test Impact.</Description>
    <Deployment userDeploymentRoot="H:\Project\第五届\SimpleMiku\TestResults" useDefaultDeploymentRoot="false" runDeploymentRoot="GH_GH-PC 2011-01-09 00_23_21">
      <DeploymentItem filename="H:\Project\第五届\SimpleMiku\Miku.DAL\bin\Debug\Miku.DAL.dll" />
    </Deployment>
    <Execution>
      <TestTypeSpecific />
      <AgentRule name="Execution Agents">
        <DataCollectors>
          <DataCollector uri="datacollector://microsoft/ActionLog/1.0" assemblyQualifiedName="Microsoft.VisualStudio.TestTools.ManualTest.ActionLog.ActionLogPlugin, Microsoft.VisualStudio.TestTools.ManualTest.ActionLog, Version=10.0.0.0, Culture=neutral, PublicKeyToken=b03f5f7f11d50a3a" friendlyName="Actions">
          </DataCollector>
          <DataCollector uri="datacollector://microsoft/SystemInfo/1.0" assemblyQualifiedName="Microsoft.VisualStudio.TestTools.DataCollection.SystemInfo.SystemInfoDataCollector, Microsoft.VisualStudio.TestTools.DataCollection.SystemInfo, Version=10.0.0.0, Culture=neutral, PublicKeyToken=b03f5f7f11d50a3a" friendlyName="System Information">
          </DataCollector>
          <DataCollector uri="datacollector://microsoft/HttpProxy/1.0" assemblyQualifiedName="Microsoft.VisualStudio.TraceCollector.HttpProxyCollector, Microsoft.VisualStudio.TraceCollector, Version=10.0.0.0, Culture=neutral, PublicKeyToken=b03f5f7f11d50a3a" friendlyName="ASP.NET Client Proxy for IntelliTrace and Test Impact">
          </DataCollector>
          <DataCollector uri="datacollector://microsoft/TestImpact/1.0" assemblyQualifiedName="Microsoft.VisualStudio.TraceCollector.TestImpactDataCollector, Microsoft.VisualStudio.TraceCollector, Version=10.0.0.0, Culture=neutral, PublicKeyToken=b03f5f7f11d50a3a" friendlyName="Test Impact">
          </DataCollector>
          <DataCollector uri="datacollector://microsoft/TraceDebugger/1.0" assemblyQualifiedName="Microsoft.VisualStudio.TraceCollector.TraceDebuggerDataCollector, Microsoft.VisualStudio.TraceCollector, Version=10.0.0.0, Culture=neutral, PublicKeyToken=b03f5f7f11d50a3a" friendlyName="IntelliTrace">
          </DataCollector>
        </DataCollectors>
      </AgentRule>
    </Execution>
  </TestSettings>
  <Times creation="2011-01-09T00:23:21.1932424+08:00" queuing="2011-01-09T00:23:22.8233356+08:00" start="2011-01-09T00:23:36.1110956+08:00" finish="2011-01-09T00:24:07.8019082+08:00" />
  <ResultSummary outcome="Failed">
    <Counters total="1" executed="1" error="0" failed="1" timeout="0" aborted="0" inconclusive="0" passedButRunAborted="0" notRunnable="0" notExecuted="0" disconnected="0" warning="0" passed="0" completed="0" inProgress="0" pending="0" />
    <CollectorDataEntries>
      <Collector agentName="GH-PC" uri="datacollector://microsoft/SystemInfo/1.0" collectorDisplayName="System Information">
        <UriAttachments>
          <UriAttachment>
            <A href="GH-PC\SystemInformation.xml">GH-PC 中的系统信息</A>
          </UriAttachment>
        </UriAttachments>
      </Collector>
    </CollectorDataEntries>
  </ResultSummary>
  <TestDefinitions>
    <UnitTest name="AddSystemUserTest" storage="h:\project\第五届\simplemiku\miku.test\bin\debug\miku.dal.test.dll" id="b752c79d-7d1c-42cd-1515-bebfb96ede6e">
      <Execution id="300a4637-e01a-4000-b592-938509c3c909" />
      <TestMethod codeBase="H:/Project/第五届/SimpleMiku/Miku.Test/bin/Debug/Miku.DAL.Test.DLL" adapterTypeName="Microsoft.VisualStudio.TestTools.TestTypes.Unit.UnitTestAdapter, Microsoft.VisualStudio.QualityTools.Tips.UnitTest.Adapter, Version=10.0.0.0, Culture=neutral, PublicKeyToken=b03f5f7f11d50a3a" className="Miku.DAL.Test.SystemUserTest, Miku.DAL.Test, Version=1.0.0.0, Culture=neutral, PublicKeyToken=null" name="AddSystemUserTest" />
    </UnitTest>
  </TestDefinitions>
  <TestLists>
    <TestList name="Results Not in a List" id="8c84fa94-04c1-424b-9868-57a2d4851a1d" />
    <TestList name="All Loaded Results" id="19431567-8539-422a-85d7-44ee4e166bda" />
  </TestLists>
  <TestEntries>
    <TestEntry testId="b752c79d-7d1c-42cd-1515-bebfb96ede6e" executionId="300a4637-e01a-4000-b592-938509c3c909" testListId="8c84fa94-04c1-424b-9868-57a2d4851a1d" />
  </TestEntries>
  <Results>
    <UnitTestResult executionId="300a4637-e01a-4000-b592-938509c3c909" testId="b752c79d-7d1c-42cd-1515-bebfb96ede6e" testName="AddSystemUserTest" computerName="GH-PC" duration="00:00:24.2292300" startTime="2011-01-09T00:23:36.7841341+08:00" endTime="2011-01-09T00:24:04.2127029+08:00" testType="13cdc9d9-ddb5-4fa4-a97d-d965ccfc6d4b" outcome="Failed" testListId="8c84fa94-04c1-424b-9868-57a2d4851a1d" relativeResultsDirectory="300a4637-e01a-4000-b592-938509c3c909">
      <Output>
        <ErrorInfo>
          <Message>Assert.AreEqual 失败。应为: &lt;True&gt;，实际为: &lt;False&gt;。</Message>
          <StackTrace>   在 Miku.DAL.Test.SystemUserTest.AddSystemUserTest() 位置 H:\Project\第五届\SimpleMiku\Miku.Test\SystemUserTest.cs:行号 82
</StackTrace>
        </ErrorInfo>
      </Output>
      <CollectorDataEntries>
        <Collector agentName="GH-PC" uri="datacollector://microsoft/SystemInfo/1.0" collectorDisplayName="System Information">
          <UriAttachments>
            <UriAttachment>
              <A href="GH-PC\SystemInformation.xml">GH-PC 中的系统信息</A>
            </UriAttachment>
          </UriAttachments>
        </Collector>
      </CollectorDataEntries>
      <DataCollectorMessages>
        <DataCollectorMessage timestamp="2011-01-09T00:24:04.1687004+08:00" dataCollectorUri="datacollector://microsoft/TestImpact/1.0" dataCollectorFriendlyName="Test Impact" agentName="GH-PC" level="Warning">
          <Text>No Microsoft .NET applications were launched during the test run. Launch applications from Explorer or a new command prompt after a test case has started. If no .NET application is being tested, disable the Test Impact and IntelliTrace diagnostic data adapters.</Text>
        </DataCollectorMessage>
      </DataCollectorMessages>
    </UnitTestResult>
  </Results>
</TestRun>