<?xml version="1.0" encoding="UTF-8"?>
<TestRun id="71f2895a-da24-456c-b53f-fc66f72bd292" name="Xshi@WIN-XSH 2011-01-05 14:48:23" runUser="WIN-XSH\Xshi" xmlns="http://microsoft.com/schemas/VisualStudio/TeamTest/2010">
  <TestSettings name="Local" id="bb1d265e-4737-41bc-af0d-b611d037b4bb">
    <Description>These are default test settings for a local test run.</Description>
    <Deployment enabled="false" runDeploymentRoot="Xshi_WIN-XSH 2011-01-05 14_48_23">
      <DeploymentItem filename="G:\Team\Miku\SimpleMiku\SimpleMiku\Miku\bin\Debug\Miku.Client.exe" />
      <DeploymentItem filename="C:\Program Files\Microsoft SDKs\Expression\Blend\.NETFramework\v4.0\Libraries\Microsoft.Expression.Interactions.dll" />
      <DeploymentItem filename="C:\Program Files\Microsoft SDKs\Expression\Blend\.NETFramework\v4.0\Libraries\System.Windows.Interactivity.dll" />
    </Deployment>
    <Execution>
      <TestTypeSpecific />
      <AgentRule name="Execution Agents">
      </AgentRule>
    </Execution>
  </TestSettings>
  <Times creation="2011-01-05T14:48:23.7636718+08:00" queuing="2011-01-05T14:48:23.8007812+08:00" start="2011-01-05T14:48:23.9023437+08:00" finish="2011-01-05T14:48:24.8232421+08:00" />
  <ResultSummary outcome="Warning">
    <Counters total="1" executed="1" passed="1" error="0" failed="0" timeout="0" aborted="0" inconclusive="0" passedButRunAborted="0" notRunnable="0" notExecuted="0" disconnected="0" warning="0" completed="0" inProgress="0" pending="0" />
    <RunInfos>
      <RunInfo computerName="WIN-XSH" outcome="Warning" timestamp="2011-01-05T14:48:23.7998046+08:00">
        <Text>Deployment is currently disabled. The deployment item 'Miku.Client.exe' on test 'Miku.Client.Test.KBMActionRecorderLinqTest.GetKeyboradActionNodesTest' was not deployed.</Text>
      </RunInfo>
    </RunInfos>
  </ResultSummary>
  <TestDefinitions>
    <UnitTest name="GetKeyboradActionNodesTest" storage="g:\team\miku\simplemiku\simplemiku\miku.client.test\bin\debug\miku.client.test.dll" id="e12cffd0-a277-ce4a-73f5-bb421ed2903f">
      <DeploymentItems>
        <DeploymentItem filename="Miku.Client.exe" />
      </DeploymentItems>
      <Execution id="aea4e6e4-3293-4a96-9dc9-3c1ad5aa8a09" />
      <TestMethod codeBase="G:/Team/Miku/SimpleMiku/SimpleMiku/Miku.Client.Test/bin/Debug/Miku.Client.Test.DLL" adapterTypeName="Microsoft.VisualStudio.TestTools.TestTypes.Unit.UnitTestAdapter, Microsoft.VisualStudio.QualityTools.Tips.UnitTest.Adapter, Version=10.0.0.0, Culture=neutral, PublicKeyToken=b03f5f7f11d50a3a" className="Miku.Client.Test.KBMActionRecorderLinqTest, Miku.Client.Test, Version=1.0.0.0, Culture=neutral, PublicKeyToken=null" name="GetKeyboradActionNodesTest" />
    </UnitTest>
  </TestDefinitions>
  <TestLists>
    <TestList name="Results Not in a List" id="8c84fa94-04c1-424b-9868-57a2d4851a1d" />
    <TestList name="All Loaded Results" id="19431567-8539-422a-85d7-44ee4e166bda" />
  </TestLists>
  <TestEntries>
    <TestEntry testId="e12cffd0-a277-ce4a-73f5-bb421ed2903f" executionId="aea4e6e4-3293-4a96-9dc9-3c1ad5aa8a09" testListId="8c84fa94-04c1-424b-9868-57a2d4851a1d" />
  </TestEntries>
  <Results>
    <UnitTestResult executionId="aea4e6e4-3293-4a96-9dc9-3c1ad5aa8a09" testId="e12cffd0-a277-ce4a-73f5-bb421ed2903f" testName="GetKeyboradActionNodesTest" computerName="WIN-XSH" duration="00:00:00.0540996" startTime="2011-01-05T14:48:23.9160156+08:00" endTime="2011-01-05T14:48:24.3730468+08:00" testType="13cdc9d9-ddb5-4fa4-a97d-d965ccfc6d4b" outcome="Passed" testListId="8c84fa94-04c1-424b-9868-57a2d4851a1d" relativeResultsDirectory="aea4e6e4-3293-4a96-9dc9-3c1ad5aa8a09">
    </UnitTestResult>
  </Results>
</TestRun>