<?xml version="1.0" encoding="UTF-8"?>
<TestRun id="e15504d7-b4c4-4544-b417-b992a0a3942a" name="Xshi@WIN-XSH 2011-01-05 14:57:08" runUser="WIN-XSH\Xshi" xmlns="http://microsoft.com/schemas/VisualStudio/TeamTest/2010">
  <TestSettings name="Local" id="bb1d265e-4737-41bc-af0d-b611d037b4bb">
    <Description>These are default test settings for a local test run.</Description>
    <Deployment enabled="false" runDeploymentRoot="Xshi_WIN-XSH 2011-01-05 14_57_08">
      <DeploymentItem filename="G:\Team\Miku\SimpleMiku\SimpleMiku\Miku\bin\Debug\Miku.Client.exe" />
      <DeploymentItem filename="C:\Program Files\Microsoft SDKs\Expression\Blend\.NETFramework\v4.0\Libraries\Microsoft.Expression.Interactions.dll" />
      <DeploymentItem filename="C:\Program Files\Microsoft SDKs\Expression\Blend\.NETFramework\v4.0\Libraries\System.Windows.Interactivity.dll" />
      <DeploymentItem filename="G:\Team\Miku\SimpleMiku\SimpleMiku\Miku.DAL\bin\Debug\Miku.DAL.dll" />
    </Deployment>
    <Execution>
      <TestTypeSpecific />
      <AgentRule name="Execution Agents">
      </AgentRule>
    </Execution>
  </TestSettings>
  <Times creation="2011-01-05T14:57:08.8906250+08:00" queuing="2011-01-05T14:57:08.9238281+08:00" start="2011-01-05T14:57:09.0576171+08:00" finish="2011-01-05T14:57:11.1142578+08:00" />
  <ResultSummary outcome="Failed">
    <Counters total="31" executed="31" passed="28" error="0" failed="3" timeout="0" aborted="0" inconclusive="0" passedButRunAborted="0" notRunnable="0" notExecuted="0" disconnected="0" warning="0" completed="0" inProgress="0" pending="0" />
  </ResultSummary>
  <TestDefinitions>
    <UnitTest name="MActionRecorderLinqConstructorTest1" storage="g:\team\miku\simplemiku\simplemiku\miku.client.test\bin\debug\miku.client.test.dll" id="4f405f52-5a9f-3228-892f-0d0cc709508e">
      <Execution id="06b8e015-e7a1-4219-9f5d-252f81edc4a9" />
      <TestMethod codeBase="G:/Team/Miku/SimpleMiku/SimpleMiku/Miku.Client.Test/bin/Debug/Miku.Client.Test.DLL" adapterTypeName="Microsoft.VisualStudio.TestTools.TestTypes.Unit.UnitTestAdapter, Microsoft.VisualStudio.QualityTools.Tips.UnitTest.Adapter, Version=10.0.0.0, Culture=neutral, PublicKeyToken=b03f5f7f11d50a3a" className="Miku.Client.Test.MActionRecorderLinqTest, Miku.Client.Test, Version=1.0.0.0, Culture=neutral, PublicKeyToken=null" name="MActionRecorderLinqConstructorTest1" />
    </UnitTest>
    <UnitTest name="WriteDataTest" storage="g:\team\miku\simplemiku\simplemiku\miku.client.test\bin\debug\miku.client.test.dll" id="2a3e0824-7372-7203-e1d6-a28be058ab98">
      <Execution id="3b0653c2-2403-481a-aeea-897355eb401b" />
      <TestMethod codeBase="G:/Team/Miku/SimpleMiku/SimpleMiku/Miku.Client.Test/bin/Debug/Miku.Client.Test.DLL" adapterTypeName="Microsoft.VisualStudio.TestTools.TestTypes.Unit.UnitTestAdapter, Microsoft.VisualStudio.QualityTools.Tips.UnitTest.Adapter, Version=10.0.0.0, Culture=neutral, PublicKeyToken=b03f5f7f11d50a3a" className="Miku.Client.Test.KBActionRecorderLinqTest, Miku.Client.Test, Version=1.0.0.0, Culture=neutral, PublicKeyToken=null" name="WriteDataTest" />
    </UnitTest>
    <UnitTest name="GetKeyboradActionNodesTest" storage="g:\team\miku\simplemiku\simplemiku\miku.client.test\bin\debug\miku.client.test.dll" id="e12cffd0-a277-ce4a-73f5-bb421ed2903f">
      <DeploymentItems>
        <DeploymentItem filename="Miku.Client.exe" />
      </DeploymentItems>
      <Execution id="aca1f1af-a59b-4bc4-8822-108d16bd39d2" />
      <TestMethod codeBase="G:/Team/Miku/SimpleMiku/SimpleMiku/Miku.Client.Test/bin/Debug/Miku.Client.Test.DLL" adapterTypeName="Microsoft.VisualStudio.TestTools.TestTypes.Unit.UnitTestAdapter, Microsoft.VisualStudio.QualityTools.Tips.UnitTest.Adapter, Version=10.0.0.0, Culture=neutral, PublicKeyToken=b03f5f7f11d50a3a" className="Miku.Client.Test.KBMActionRecorderLinqTest, Miku.Client.Test, Version=1.0.0.0, Culture=neutral, PublicKeyToken=null" name="GetKeyboradActionNodesTest" />
    </UnitTest>
    <UnitTest name="JudgeMouseeventTest" storage="g:\team\miku\simplemiku\simplemiku\miku.client.test\bin\debug\miku.client.test.dll" id="359dce17-c496-3826-0655-d0a5251ff195">
      <DeploymentItems>
        <DeploymentItem filename="Miku.Client.exe" />
      </DeploymentItems>
      <Execution id="41c9e77d-78ab-4588-b41a-17598a2af86f" />
      <TestMethod codeBase="G:/Team/Miku/SimpleMiku/SimpleMiku/Miku.Client.Test/bin/Debug/Miku.Client.Test.DLL" adapterTypeName="Microsoft.VisualStudio.TestTools.TestTypes.Unit.UnitTestAdapter, Microsoft.VisualStudio.QualityTools.Tips.UnitTest.Adapter, Version=10.0.0.0, Culture=neutral, PublicKeyToken=b03f5f7f11d50a3a" className="Miku.Client.Test.MActionRecorderLinqTest, Miku.Client.Test, Version=1.0.0.0, Culture=neutral, PublicKeyToken=null" name="JudgeMouseeventTest" />
    </UnitTest>
    <UnitTest name="AddActionNodesToActionListTest" storage="g:\team\miku\simplemiku\simplemiku\miku.client.test\bin\debug\miku.client.test.dll" id="ce44d49a-bcb6-8223-08fe-e0e7025a1055">
      <DeploymentItems>
        <DeploymentItem filename="Miku.Client.exe" />
      </DeploymentItems>
      <Execution id="84eed903-03df-44c3-9b52-892d11f2e917" />
      <TestMethod codeBase="G:/Team/Miku/SimpleMiku/SimpleMiku/Miku.Client.Test/bin/Debug/Miku.Client.Test.DLL" adapterTypeName="Microsoft.VisualStudio.TestTools.TestTypes.Unit.UnitTestAdapter, Microsoft.VisualStudio.QualityTools.Tips.UnitTest.Adapter, Version=10.0.0.0, Culture=neutral, PublicKeyToken=b03f5f7f11d50a3a" className="Miku.Client.Test.KBMActionRecorderLinqTest, Miku.Client.Test, Version=1.0.0.0, Culture=neutral, PublicKeyToken=null" name="AddActionNodesToActionListTest" />
    </UnitTest>
    <UnitTest name="GetKeyboradActionNodesTest" storage="g:\team\miku\simplemiku\simplemiku\miku.client.test\bin\debug\miku.client.test.dll" id="f24fc520-1e6a-d441-0991-43324cf01c81">
      <DeploymentItems>
        <DeploymentItem filename="Miku.Client.exe" />
      </DeploymentItems>
      <Execution id="85d57f1a-a43a-498e-9769-3bb876789a91" />
      <TestMethod codeBase="G:/Team/Miku/SimpleMiku/SimpleMiku/Miku.Client.Test/bin/Debug/Miku.Client.Test.DLL" adapterTypeName="Microsoft.VisualStudio.TestTools.TestTypes.Unit.UnitTestAdapter, Microsoft.VisualStudio.QualityTools.Tips.UnitTest.Adapter, Version=10.0.0.0, Culture=neutral, PublicKeyToken=b03f5f7f11d50a3a" className="Miku.Client.Test.KBActionRecorderLinqTest, Miku.Client.Test, Version=1.0.0.0, Culture=neutral, PublicKeyToken=null" name="GetKeyboradActionNodesTest" />
    </UnitTest>
    <UnitTest name="GetDatasTest" storage="g:\team\miku\simplemiku\simplemiku\miku.client.test\bin\debug\miku.client.test.dll" id="7edec188-4dd0-83ec-7689-4d107522630b">
      <Execution id="6debd79a-d51e-482e-87ab-7d5f6482b066" />
      <TestMethod codeBase="G:/Team/Miku/SimpleMiku/SimpleMiku/Miku.Client.Test/bin/Debug/Miku.Client.Test.DLL" adapterTypeName="Microsoft.VisualStudio.TestTools.TestTypes.Unit.UnitTestAdapter, Microsoft.VisualStudio.QualityTools.Tips.UnitTest.Adapter, Version=10.0.0.0, Culture=neutral, PublicKeyToken=b03f5f7f11d50a3a" className="Miku.Client.Test.MActionRecorderLinqTest, Miku.Client.Test, Version=1.0.0.0, Culture=neutral, PublicKeyToken=null" name="GetDatasTest" />
    </UnitTest>
    <UnitTest name="JudgeKeyeventTest" storage="g:\team\miku\simplemiku\simplemiku\miku.client.test\bin\debug\miku.client.test.dll" id="074d3a28-d150-b66f-57b9-7e0da040bdd8">
      <DeploymentItems>
        <DeploymentItem filename="Miku.Client.exe" />
      </DeploymentItems>
      <Execution id="00c60a8f-ab14-45c1-b51b-8850f119e1ea" />
      <TestMethod codeBase="G:/Team/Miku/SimpleMiku/SimpleMiku/Miku.Client.Test/bin/Debug/Miku.Client.Test.DLL" adapterTypeName="Microsoft.VisualStudio.TestTools.TestTypes.Unit.UnitTestAdapter, Microsoft.VisualStudio.QualityTools.Tips.UnitTest.Adapter, Version=10.0.0.0, Culture=neutral, PublicKeyToken=b03f5f7f11d50a3a" className="Miku.Client.Test.KBMActionRecorderLinqTest, Miku.Client.Test, Version=1.0.0.0, Culture=neutral, PublicKeyToken=null" name="JudgeKeyeventTest" />
    </UnitTest>
    <UnitTest name="WriteDataTest1" storage="g:\team\miku\simplemiku\simplemiku\miku.client.test\bin\debug\miku.client.test.dll" id="823f77e3-d0e6-dd11-9826-7284ca01aa9f">
      <Execution id="eab0157e-8d04-4e8c-ba67-4ebdf76123ad" />
      <TestMethod codeBase="G:/Team/Miku/SimpleMiku/SimpleMiku/Miku.Client.Test/bin/Debug/Miku.Client.Test.DLL" adapterTypeName="Microsoft.VisualStudio.TestTools.TestTypes.Unit.UnitTestAdapter, Microsoft.VisualStudio.QualityTools.Tips.UnitTest.Adapter, Version=10.0.0.0, Culture=neutral, PublicKeyToken=b03f5f7f11d50a3a" className="Miku.Client.Test.KBMActionRecorderLinqTest, Miku.Client.Test, Version=1.0.0.0, Culture=neutral, PublicKeyToken=null" name="WriteDataTest1" />
    </UnitTest>
    <UnitTest name="AddMouseActionNodesToActionListTest" storage="g:\team\miku\simplemiku\simplemiku\miku.client.test\bin\debug\miku.client.test.dll" id="4fd399ce-c2ac-ae35-baa9-1855299e1db7">
      <DeploymentItems>
        <DeploymentItem filename="Miku.Client.exe" />
      </DeploymentItems>
      <Execution id="352291a2-acd8-49f5-bc9c-e9fd22f33fa1" />
      <TestMethod codeBase="G:/Team/Miku/SimpleMiku/SimpleMiku/Miku.Client.Test/bin/Debug/Miku.Client.Test.DLL" adapterTypeName="Microsoft.VisualStudio.TestTools.TestTypes.Unit.UnitTestAdapter, Microsoft.VisualStudio.QualityTools.Tips.UnitTest.Adapter, Version=10.0.0.0, Culture=neutral, PublicKeyToken=b03f5f7f11d50a3a" className="Miku.Client.Test.KBMActionRecorderLinqTest, Miku.Client.Test, Version=1.0.0.0, Culture=neutral, PublicKeyToken=null" name="AddMouseActionNodesToActionListTest" />
    </UnitTest>
    <UnitTest name="GetActionNodesTest" storage="g:\team\miku\simplemiku\simplemiku\miku.client.test\bin\debug\miku.client.test.dll" id="d208e47e-0502-18fe-7042-0afe8fb79b2d">
      <DeploymentItems>
        <DeploymentItem filename="Miku.Client.exe" />
      </DeploymentItems>
      <Execution id="12e35982-dd24-4286-bfcd-d80a3632b940" />
      <TestMethod codeBase="G:/Team/Miku/SimpleMiku/SimpleMiku/Miku.Client.Test/bin/Debug/Miku.Client.Test.DLL" adapterTypeName="Microsoft.VisualStudio.TestTools.TestTypes.Unit.UnitTestAdapter, Microsoft.VisualStudio.QualityTools.Tips.UnitTest.Adapter, Version=10.0.0.0, Culture=neutral, PublicKeyToken=b03f5f7f11d50a3a" className="Miku.Client.Test.KBMActionRecorderLinqTest, Miku.Client.Test, Version=1.0.0.0, Culture=neutral, PublicKeyToken=null" name="GetActionNodesTest" />
    </UnitTest>
    <UnitTest name="GetDatasTest" storage="g:\team\miku\simplemiku\simplemiku\miku.client.test\bin\debug\miku.client.test.dll" id="084662be-b6c9-1804-888d-880232ba27fc">
      <Execution id="fc3a2e7b-52f0-473d-9962-9782ffc5156e" />
      <TestMethod codeBase="G:/Team/Miku/SimpleMiku/SimpleMiku/Miku.Client.Test/bin/Debug/Miku.Client.Test.DLL" adapterTypeName="Microsoft.VisualStudio.TestTools.TestTypes.Unit.UnitTestAdapter, Microsoft.VisualStudio.QualityTools.Tips.UnitTest.Adapter, Version=10.0.0.0, Culture=neutral, PublicKeyToken=b03f5f7f11d50a3a" className="Miku.Client.Test.KBActionRecorderLinqTest, Miku.Client.Test, Version=1.0.0.0, Culture=neutral, PublicKeyToken=null" name="GetDatasTest" />
    </UnitTest>
    <UnitTest name="KBMActionRecorderLinqConstructorTest" storage="g:\team\miku\simplemiku\simplemiku\miku.client.test\bin\debug\miku.client.test.dll" id="cdc4ca46-1f20-c5a9-28ec-4fe875b8bfe5">
      <Execution id="8195ad14-e9ea-4162-869b-10a8f02d125c" />
      <TestMethod codeBase="G:/Team/Miku/SimpleMiku/SimpleMiku/Miku.Client.Test/bin/Debug/Miku.Client.Test.DLL" adapterTypeName="Microsoft.VisualStudio.TestTools.TestTypes.Unit.UnitTestAdapter, Microsoft.VisualStudio.QualityTools.Tips.UnitTest.Adapter, Version=10.0.0.0, Culture=neutral, PublicKeyToken=b03f5f7f11d50a3a" className="Miku.Client.Test.KBMActionRecorderLinqTest, Miku.Client.Test, Version=1.0.0.0, Culture=neutral, PublicKeyToken=null" name="KBMActionRecorderLinqConstructorTest" />
    </UnitTest>
    <UnitTest name="GetDatasTest" storage="g:\team\miku\simplemiku\simplemiku\miku.client.test\bin\debug\miku.client.test.dll" id="9ea538e5-c6a2-bf0c-dfff-7a76a8219328">
      <Execution id="a033629f-dc7c-43e3-9167-ca2225657b62" />
      <TestMethod codeBase="G:/Team/Miku/SimpleMiku/SimpleMiku/Miku.Client.Test/bin/Debug/Miku.Client.Test.DLL" adapterTypeName="Microsoft.VisualStudio.TestTools.TestTypes.Unit.UnitTestAdapter, Microsoft.VisualStudio.QualityTools.Tips.UnitTest.Adapter, Version=10.0.0.0, Culture=neutral, PublicKeyToken=b03f5f7f11d50a3a" className="Miku.Client.Test.KBMActionRecorderLinqTest, Miku.Client.Test, Version=1.0.0.0, Culture=neutral, PublicKeyToken=null" name="GetDatasTest" />
    </UnitTest>
    <UnitTest name="GetMouseActionDatasTest" storage="g:\team\miku\simplemiku\simplemiku\miku.client.test\bin\debug\miku.client.test.dll" id="0b610023-763f-5d2e-656a-3bc9cfba860b">
      <Execution id="fb5667a9-f02f-4b91-a900-9889004834e3" />
      <TestMethod codeBase="G:/Team/Miku/SimpleMiku/SimpleMiku/Miku.Client.Test/bin/Debug/Miku.Client.Test.DLL" adapterTypeName="Microsoft.VisualStudio.TestTools.TestTypes.Unit.UnitTestAdapter, Microsoft.VisualStudio.QualityTools.Tips.UnitTest.Adapter, Version=10.0.0.0, Culture=neutral, PublicKeyToken=b03f5f7f11d50a3a" className="Miku.Client.Test.KBMActionRecorderLinqTest, Miku.Client.Test, Version=1.0.0.0, Culture=neutral, PublicKeyToken=null" name="GetMouseActionDatasTest" />
    </UnitTest>
    <UnitTest name="TestMethod1" storage="g:\team\miku\simplemiku\simplemiku\miku.test\bin\debug\miku.dal.test.dll" id="37000805-e3d3-d194-910e-da500061ff69">
      <Execution id="c357da6b-c961-4d75-bb03-4f883434451a" />
      <TestMethod codeBase="G:/Team/Miku/SimpleMiku/SimpleMiku/Miku.Test/bin/Debug/Miku.DAL.Test.DLL" adapterTypeName="Microsoft.VisualStudio.TestTools.TestTypes.Unit.UnitTestAdapter, Microsoft.VisualStudio.QualityTools.Tips.UnitTest.Adapter, Version=10.0.0.0, Culture=neutral, PublicKeyToken=b03f5f7f11d50a3a" className="Miku.DAL.Test.UnitTest1, Miku.DAL.Test, Version=1.0.0.0, Culture=neutral, PublicKeyToken=null" name="TestMethod1" />
    </UnitTest>
    <UnitTest name="JudgeKeyeventTest" storage="g:\team\miku\simplemiku\simplemiku\miku.client.test\bin\debug\miku.client.test.dll" id="92c1c465-3330-37d4-5f36-7943d4cac84c">
      <DeploymentItems>
        <DeploymentItem filename="Miku.Client.exe" />
      </DeploymentItems>
      <Execution id="4197ab79-6af8-4332-887c-6d8de556e396" />
      <TestMethod codeBase="G:/Team/Miku/SimpleMiku/SimpleMiku/Miku.Client.Test/bin/Debug/Miku.Client.Test.DLL" adapterTypeName="Microsoft.VisualStudio.TestTools.TestTypes.Unit.UnitTestAdapter, Microsoft.VisualStudio.QualityTools.Tips.UnitTest.Adapter, Version=10.0.0.0, Culture=neutral, PublicKeyToken=b03f5f7f11d50a3a" className="Miku.Client.Test.KBActionRecorderLinqTest, Miku.Client.Test, Version=1.0.0.0, Culture=neutral, PublicKeyToken=null" name="JudgeKeyeventTest" />
    </UnitTest>
    <UnitTest name="MActionRecorderLinqConstructorTest" storage="g:\team\miku\simplemiku\simplemiku\miku.client.test\bin\debug\miku.client.test.dll" id="a29c449b-97e1-032e-d9f9-3d299f827d12">
      <Execution id="604c7731-6be3-4725-bbd1-cc3248a5554a" />
      <TestMethod codeBase="G:/Team/Miku/SimpleMiku/SimpleMiku/Miku.Client.Test/bin/Debug/Miku.Client.Test.DLL" adapterTypeName="Microsoft.VisualStudio.TestTools.TestTypes.Unit.UnitTestAdapter, Microsoft.VisualStudio.QualityTools.Tips.UnitTest.Adapter, Version=10.0.0.0, Culture=neutral, PublicKeyToken=b03f5f7f11d50a3a" className="Miku.Client.Test.MActionRecorderLinqTest, Miku.Client.Test, Version=1.0.0.0, Culture=neutral, PublicKeyToken=null" name="MActionRecorderLinqConstructorTest" />
    </UnitTest>
    <UnitTest name="KBMActionRecorderLinqConstructorTest1" storage="g:\team\miku\simplemiku\simplemiku\miku.client.test\bin\debug\miku.client.test.dll" id="750e142f-11ed-3b17-0d7b-4a799a3fece7">
      <Execution id="df430a5a-eb25-4cf8-9c83-0bff519a1a6d" />
      <TestMethod codeBase="G:/Team/Miku/SimpleMiku/SimpleMiku/Miku.Client.Test/bin/Debug/Miku.Client.Test.DLL" adapterTypeName="Microsoft.VisualStudio.TestTools.TestTypes.Unit.UnitTestAdapter, Microsoft.VisualStudio.QualityTools.Tips.UnitTest.Adapter, Version=10.0.0.0, Culture=neutral, PublicKeyToken=b03f5f7f11d50a3a" className="Miku.Client.Test.KBMActionRecorderLinqTest, Miku.Client.Test, Version=1.0.0.0, Culture=neutral, PublicKeyToken=null" name="KBMActionRecorderLinqConstructorTest1" />
    </UnitTest>
    <UnitTest name="GetMouseActionNodesTest" storage="g:\team\miku\simplemiku\simplemiku\miku.client.test\bin\debug\miku.client.test.dll" id="a1d9cf2f-ca94-1fa4-72e7-72f45e315643">
      <DeploymentItems>
        <DeploymentItem filename="Miku.Client.exe" />
      </DeploymentItems>
      <Execution id="3bd200f9-061a-44d7-aaf0-fed4dd426b4e" />
      <TestMethod codeBase="G:/Team/Miku/SimpleMiku/SimpleMiku/Miku.Client.Test/bin/Debug/Miku.Client.Test.DLL" adapterTypeName="Microsoft.VisualStudio.TestTools.TestTypes.Unit.UnitTestAdapter, Microsoft.VisualStudio.QualityTools.Tips.UnitTest.Adapter, Version=10.0.0.0, Culture=neutral, PublicKeyToken=b03f5f7f11d50a3a" className="Miku.Client.Test.MActionRecorderLinqTest, Miku.Client.Test, Version=1.0.0.0, Culture=neutral, PublicKeyToken=null" name="GetMouseActionNodesTest" />
    </UnitTest>
    <UnitTest name="GetKeyboardActionDatasTest" storage="g:\team\miku\simplemiku\simplemiku\miku.client.test\bin\debug\miku.client.test.dll" id="ee7bda79-4244-6b77-1a5b-ea61dadeb9dc">
      <Execution id="d16ad707-ef81-41f4-9336-69f7ff9b016b" />
      <TestMethod codeBase="G:/Team/Miku/SimpleMiku/SimpleMiku/Miku.Client.Test/bin/Debug/Miku.Client.Test.DLL" adapterTypeName="Microsoft.VisualStudio.TestTools.TestTypes.Unit.UnitTestAdapter, Microsoft.VisualStudio.QualityTools.Tips.UnitTest.Adapter, Version=10.0.0.0, Culture=neutral, PublicKeyToken=b03f5f7f11d50a3a" className="Miku.Client.Test.KBMActionRecorderLinqTest, Miku.Client.Test, Version=1.0.0.0, Culture=neutral, PublicKeyToken=null" name="GetKeyboardActionDatasTest" />
    </UnitTest>
    <UnitTest name="KBActionRecorderLinqConstructorTest" storage="g:\team\miku\simplemiku\simplemiku\miku.client.test\bin\debug\miku.client.test.dll" id="4c80526c-928a-67e8-a5d1-056865b5333e">
      <Execution id="59f3aaf0-3130-4daa-916e-9397633d984b" />
      <TestMethod codeBase="G:/Team/Miku/SimpleMiku/SimpleMiku/Miku.Client.Test/bin/Debug/Miku.Client.Test.DLL" adapterTypeName="Microsoft.VisualStudio.TestTools.TestTypes.Unit.UnitTestAdapter, Microsoft.VisualStudio.QualityTools.Tips.UnitTest.Adapter, Version=10.0.0.0, Culture=neutral, PublicKeyToken=b03f5f7f11d50a3a" className="Miku.Client.Test.KBActionRecorderLinqTest, Miku.Client.Test, Version=1.0.0.0, Culture=neutral, PublicKeyToken=null" name="KBActionRecorderLinqConstructorTest" />
    </UnitTest>
    <UnitTest name="AddKeyboradActionNodesToActionListTest" storage="g:\team\miku\simplemiku\simplemiku\miku.client.test\bin\debug\miku.client.test.dll" id="132ac66e-ad4c-b06e-9031-6ec6f3c38688">
      <DeploymentItems>
        <DeploymentItem filename="Miku.Client.exe" />
      </DeploymentItems>
      <Execution id="645332ef-1262-458c-b4af-7c86526ede60" />
      <TestMethod codeBase="G:/Team/Miku/SimpleMiku/SimpleMiku/Miku.Client.Test/bin/Debug/Miku.Client.Test.DLL" adapterTypeName="Microsoft.VisualStudio.TestTools.TestTypes.Unit.UnitTestAdapter, Microsoft.VisualStudio.QualityTools.Tips.UnitTest.Adapter, Version=10.0.0.0, Culture=neutral, PublicKeyToken=b03f5f7f11d50a3a" className="Miku.Client.Test.KBMActionRecorderLinqTest, Miku.Client.Test, Version=1.0.0.0, Culture=neutral, PublicKeyToken=null" name="AddKeyboradActionNodesToActionListTest" />
    </UnitTest>
    <UnitTest name="AddMouseActionNodesToActionListTest" storage="g:\team\miku\simplemiku\simplemiku\miku.client.test\bin\debug\miku.client.test.dll" id="2e20b2c8-e6e3-97e2-9e0e-f03237d81426">
      <DeploymentItems>
        <DeploymentItem filename="Miku.Client.exe" />
      </DeploymentItems>
      <Execution id="8b9a5197-cde8-4997-867c-13f970b880c2" />
      <TestMethod codeBase="G:/Team/Miku/SimpleMiku/SimpleMiku/Miku.Client.Test/bin/Debug/Miku.Client.Test.DLL" adapterTypeName="Microsoft.VisualStudio.TestTools.TestTypes.Unit.UnitTestAdapter, Microsoft.VisualStudio.QualityTools.Tips.UnitTest.Adapter, Version=10.0.0.0, Culture=neutral, PublicKeyToken=b03f5f7f11d50a3a" className="Miku.Client.Test.MActionRecorderLinqTest, Miku.Client.Test, Version=1.0.0.0, Culture=neutral, PublicKeyToken=null" name="AddMouseActionNodesToActionListTest" />
    </UnitTest>
    <UnitTest name="AddKeyboardActionToActionListTest" storage="g:\team\miku\simplemiku\simplemiku\miku.client.test\bin\debug\miku.client.test.dll" id="fdf602e7-0ace-dc3b-07fe-f6247be722fb">
      <DeploymentItems>
        <DeploymentItem filename="Miku.Client.exe" />
      </DeploymentItems>
      <Execution id="4db8561d-548f-4e5d-aa0f-f829425d0ee3" />
      <TestMethod codeBase="G:/Team/Miku/SimpleMiku/SimpleMiku/Miku.Client.Test/bin/Debug/Miku.Client.Test.DLL" adapterTypeName="Microsoft.VisualStudio.TestTools.TestTypes.Unit.UnitTestAdapter, Microsoft.VisualStudio.QualityTools.Tips.UnitTest.Adapter, Version=10.0.0.0, Culture=neutral, PublicKeyToken=b03f5f7f11d50a3a" className="Miku.Client.Test.KBMActionRecorderLinqTest, Miku.Client.Test, Version=1.0.0.0, Culture=neutral, PublicKeyToken=null" name="AddKeyboardActionToActionListTest" />
    </UnitTest>
    <UnitTest name="WriteDataTest" storage="g:\team\miku\simplemiku\simplemiku\miku.client.test\bin\debug\miku.client.test.dll" id="2b0f40a6-afeb-f090-9d77-5d7a6076bc9b">
      <Execution id="540deb1a-efb1-4616-8a39-6bbf7abfd4dd" />
      <TestMethod codeBase="G:/Team/Miku/SimpleMiku/SimpleMiku/Miku.Client.Test/bin/Debug/Miku.Client.Test.DLL" adapterTypeName="Microsoft.VisualStudio.TestTools.TestTypes.Unit.UnitTestAdapter, Microsoft.VisualStudio.QualityTools.Tips.UnitTest.Adapter, Version=10.0.0.0, Culture=neutral, PublicKeyToken=b03f5f7f11d50a3a" className="Miku.Client.Test.MActionRecorderLinqTest, Miku.Client.Test, Version=1.0.0.0, Culture=neutral, PublicKeyToken=null" name="WriteDataTest" />
    </UnitTest>
    <UnitTest name="GetMouseActionNodesTest" storage="g:\team\miku\simplemiku\simplemiku\miku.client.test\bin\debug\miku.client.test.dll" id="6736eb01-a01b-c98c-c1fd-34538d7e9bd7">
      <DeploymentItems>
        <DeploymentItem filename="Miku.Client.exe" />
      </DeploymentItems>
      <Execution id="83f965c1-2398-452b-a50d-2842e81a1802" />
      <TestMethod codeBase="G:/Team/Miku/SimpleMiku/SimpleMiku/Miku.Client.Test/bin/Debug/Miku.Client.Test.DLL" adapterTypeName="Microsoft.VisualStudio.TestTools.TestTypes.Unit.UnitTestAdapter, Microsoft.VisualStudio.QualityTools.Tips.UnitTest.Adapter, Version=10.0.0.0, Culture=neutral, PublicKeyToken=b03f5f7f11d50a3a" className="Miku.Client.Test.KBMActionRecorderLinqTest, Miku.Client.Test, Version=1.0.0.0, Culture=neutral, PublicKeyToken=null" name="GetMouseActionNodesTest" />
    </UnitTest>
    <UnitTest name="WriteDataTest" storage="g:\team\miku\simplemiku\simplemiku\miku.client.test\bin\debug\miku.client.test.dll" id="49fd5275-6f51-7ac2-3d0f-ccea8fbc2f6f">
      <Execution id="4d6b4c19-0724-4d9b-8732-b4ad07d54105" />
      <TestMethod codeBase="G:/Team/Miku/SimpleMiku/SimpleMiku/Miku.Client.Test/bin/Debug/Miku.Client.Test.DLL" adapterTypeName="Microsoft.VisualStudio.TestTools.TestTypes.Unit.UnitTestAdapter, Microsoft.VisualStudio.QualityTools.Tips.UnitTest.Adapter, Version=10.0.0.0, Culture=neutral, PublicKeyToken=b03f5f7f11d50a3a" className="Miku.Client.Test.KBMActionRecorderLinqTest, Miku.Client.Test, Version=1.0.0.0, Culture=neutral, PublicKeyToken=null" name="WriteDataTest" />
    </UnitTest>
    <UnitTest name="JudgeMouseeventTest" storage="g:\team\miku\simplemiku\simplemiku\miku.client.test\bin\debug\miku.client.test.dll" id="de8df89c-83bc-d6af-1f47-cccbd2125445">
      <DeploymentItems>
        <DeploymentItem filename="Miku.Client.exe" />
      </DeploymentItems>
      <Execution id="984c5972-5901-4394-a97d-a2e4d6cc4602" />
      <TestMethod codeBase="G:/Team/Miku/SimpleMiku/SimpleMiku/Miku.Client.Test/bin/Debug/Miku.Client.Test.DLL" adapterTypeName="Microsoft.VisualStudio.TestTools.TestTypes.Unit.UnitTestAdapter, Microsoft.VisualStudio.QualityTools.Tips.UnitTest.Adapter, Version=10.0.0.0, Culture=neutral, PublicKeyToken=b03f5f7f11d50a3a" className="Miku.Client.Test.KBMActionRecorderLinqTest, Miku.Client.Test, Version=1.0.0.0, Culture=neutral, PublicKeyToken=null" name="JudgeMouseeventTest" />
    </UnitTest>
    <UnitTest name="AddKeyboradActionNodesToActionListTest" storage="g:\team\miku\simplemiku\simplemiku\miku.client.test\bin\debug\miku.client.test.dll" id="1fde853e-d3df-281c-ce19-346306c66dc9">
      <DeploymentItems>
        <DeploymentItem filename="Miku.Client.exe" />
      </DeploymentItems>
      <Execution id="810681bb-22fc-41db-aa62-b60cadfac36c" />
      <TestMethod codeBase="G:/Team/Miku/SimpleMiku/SimpleMiku/Miku.Client.Test/bin/Debug/Miku.Client.Test.DLL" adapterTypeName="Microsoft.VisualStudio.TestTools.TestTypes.Unit.UnitTestAdapter, Microsoft.VisualStudio.QualityTools.Tips.UnitTest.Adapter, Version=10.0.0.0, Culture=neutral, PublicKeyToken=b03f5f7f11d50a3a" className="Miku.Client.Test.KBActionRecorderLinqTest, Miku.Client.Test, Version=1.0.0.0, Culture=neutral, PublicKeyToken=null" name="AddKeyboradActionNodesToActionListTest" />
    </UnitTest>
    <UnitTest name="AddMouseActionToActionListTest" storage="g:\team\miku\simplemiku\simplemiku\miku.client.test\bin\debug\miku.client.test.dll" id="a094cc17-cb88-3b4d-60bd-63dcadfedf53">
      <DeploymentItems>
        <DeploymentItem filename="Miku.Client.exe" />
      </DeploymentItems>
      <Execution id="ee568aed-1d61-4580-8699-d931e0cf3b58" />
      <TestMethod codeBase="G:/Team/Miku/SimpleMiku/SimpleMiku/Miku.Client.Test/bin/Debug/Miku.Client.Test.DLL" adapterTypeName="Microsoft.VisualStudio.TestTools.TestTypes.Unit.UnitTestAdapter, Microsoft.VisualStudio.QualityTools.Tips.UnitTest.Adapter, Version=10.0.0.0, Culture=neutral, PublicKeyToken=b03f5f7f11d50a3a" className="Miku.Client.Test.KBMActionRecorderLinqTest, Miku.Client.Test, Version=1.0.0.0, Culture=neutral, PublicKeyToken=null" name="AddMouseActionToActionListTest" />
    </UnitTest>
  </TestDefinitions>
  <TestLists>
    <TestList name="Results Not in a List" id="8c84fa94-04c1-424b-9868-57a2d4851a1d" />
    <TestList name="All Loaded Results" id="19431567-8539-422a-85d7-44ee4e166bda" />
  </TestLists>
  <TestEntries>
    <TestEntry testId="074d3a28-d150-b66f-57b9-7e0da040bdd8" executionId="00c60a8f-ab14-45c1-b51b-8850f119e1ea" testListId="8c84fa94-04c1-424b-9868-57a2d4851a1d" />
    <TestEntry testId="084662be-b6c9-1804-888d-880232ba27fc" executionId="fc3a2e7b-52f0-473d-9962-9782ffc5156e" testListId="8c84fa94-04c1-424b-9868-57a2d4851a1d" />
    <TestEntry testId="0b610023-763f-5d2e-656a-3bc9cfba860b" executionId="fb5667a9-f02f-4b91-a900-9889004834e3" testListId="8c84fa94-04c1-424b-9868-57a2d4851a1d" />
    <TestEntry testId="132ac66e-ad4c-b06e-9031-6ec6f3c38688" executionId="645332ef-1262-458c-b4af-7c86526ede60" testListId="8c84fa94-04c1-424b-9868-57a2d4851a1d" />
    <TestEntry testId="1fde853e-d3df-281c-ce19-346306c66dc9" executionId="810681bb-22fc-41db-aa62-b60cadfac36c" testListId="8c84fa94-04c1-424b-9868-57a2d4851a1d" />
    <TestEntry testId="2a3e0824-7372-7203-e1d6-a28be058ab98" executionId="3b0653c2-2403-481a-aeea-897355eb401b" testListId="8c84fa94-04c1-424b-9868-57a2d4851a1d" />
    <TestEntry testId="2b0f40a6-afeb-f090-9d77-5d7a6076bc9b" executionId="540deb1a-efb1-4616-8a39-6bbf7abfd4dd" testListId="8c84fa94-04c1-424b-9868-57a2d4851a1d" />
    <TestEntry testId="2e20b2c8-e6e3-97e2-9e0e-f03237d81426" executionId="8b9a5197-cde8-4997-867c-13f970b880c2" testListId="8c84fa94-04c1-424b-9868-57a2d4851a1d" />
    <TestEntry testId="359dce17-c496-3826-0655-d0a5251ff195" executionId="41c9e77d-78ab-4588-b41a-17598a2af86f" testListId="8c84fa94-04c1-424b-9868-57a2d4851a1d" />
    <TestEntry testId="37000805-e3d3-d194-910e-da500061ff69" executionId="c357da6b-c961-4d75-bb03-4f883434451a" testListId="8c84fa94-04c1-424b-9868-57a2d4851a1d" />
    <TestEntry testId="49fd5275-6f51-7ac2-3d0f-ccea8fbc2f6f" executionId="4d6b4c19-0724-4d9b-8732-b4ad07d54105" testListId="8c84fa94-04c1-424b-9868-57a2d4851a1d" />
    <TestEntry testId="4c80526c-928a-67e8-a5d1-056865b5333e" executionId="59f3aaf0-3130-4daa-916e-9397633d984b" testListId="8c84fa94-04c1-424b-9868-57a2d4851a1d" />
    <TestEntry testId="4f405f52-5a9f-3228-892f-0d0cc709508e" executionId="06b8e015-e7a1-4219-9f5d-252f81edc4a9" testListId="8c84fa94-04c1-424b-9868-57a2d4851a1d" />
    <TestEntry testId="4fd399ce-c2ac-ae35-baa9-1855299e1db7" executionId="352291a2-acd8-49f5-bc9c-e9fd22f33fa1" testListId="8c84fa94-04c1-424b-9868-57a2d4851a1d" />
    <TestEntry testId="6736eb01-a01b-c98c-c1fd-34538d7e9bd7" executionId="83f965c1-2398-452b-a50d-2842e81a1802" testListId="8c84fa94-04c1-424b-9868-57a2d4851a1d" />
    <TestEntry testId="750e142f-11ed-3b17-0d7b-4a799a3fece7" executionId="df430a5a-eb25-4cf8-9c83-0bff519a1a6d" testListId="8c84fa94-04c1-424b-9868-57a2d4851a1d" />
    <TestEntry testId="7edec188-4dd0-83ec-7689-4d107522630b" executionId="6debd79a-d51e-482e-87ab-7d5f6482b066" testListId="8c84fa94-04c1-424b-9868-57a2d4851a1d" />
    <TestEntry testId="823f77e3-d0e6-dd11-9826-7284ca01aa9f" executionId="eab0157e-8d04-4e8c-ba67-4ebdf76123ad" testListId="8c84fa94-04c1-424b-9868-57a2d4851a1d" />
    <TestEntry testId="92c1c465-3330-37d4-5f36-7943d4cac84c" executionId="4197ab79-6af8-4332-887c-6d8de556e396" testListId="8c84fa94-04c1-424b-9868-57a2d4851a1d" />
    <TestEntry testId="9ea538e5-c6a2-bf0c-dfff-7a76a8219328" executionId="a033629f-dc7c-43e3-9167-ca2225657b62" testListId="8c84fa94-04c1-424b-9868-57a2d4851a1d" />
    <TestEntry testId="a094cc17-cb88-3b4d-60bd-63dcadfedf53" executionId="ee568aed-1d61-4580-8699-d931e0cf3b58" testListId="8c84fa94-04c1-424b-9868-57a2d4851a1d" />
    <TestEntry testId="a1d9cf2f-ca94-1fa4-72e7-72f45e315643" executionId="3bd200f9-061a-44d7-aaf0-fed4dd426b4e" testListId="8c84fa94-04c1-424b-9868-57a2d4851a1d" />
    <TestEntry testId="a29c449b-97e1-032e-d9f9-3d299f827d12" executionId="604c7731-6be3-4725-bbd1-cc3248a5554a" testListId="8c84fa94-04c1-424b-9868-57a2d4851a1d" />
    <TestEntry testId="cdc4ca46-1f20-c5a9-28ec-4fe875b8bfe5" executionId="8195ad14-e9ea-4162-869b-10a8f02d125c" testListId="8c84fa94-04c1-424b-9868-57a2d4851a1d" />
    <TestEntry testId="ce44d49a-bcb6-8223-08fe-e0e7025a1055" executionId="84eed903-03df-44c3-9b52-892d11f2e917" testListId="8c84fa94-04c1-424b-9868-57a2d4851a1d" />
    <TestEntry testId="d208e47e-0502-18fe-7042-0afe8fb79b2d" executionId="12e35982-dd24-4286-bfcd-d80a3632b940" testListId="8c84fa94-04c1-424b-9868-57a2d4851a1d" />
    <TestEntry testId="de8df89c-83bc-d6af-1f47-cccbd2125445" executionId="984c5972-5901-4394-a97d-a2e4d6cc4602" testListId="8c84fa94-04c1-424b-9868-57a2d4851a1d" />
    <TestEntry testId="e12cffd0-a277-ce4a-73f5-bb421ed2903f" executionId="aca1f1af-a59b-4bc4-8822-108d16bd39d2" testListId="8c84fa94-04c1-424b-9868-57a2d4851a1d" />
    <TestEntry testId="ee7bda79-4244-6b77-1a5b-ea61dadeb9dc" executionId="d16ad707-ef81-41f4-9336-69f7ff9b016b" testListId="8c84fa94-04c1-424b-9868-57a2d4851a1d" />
    <TestEntry testId="f24fc520-1e6a-d441-0991-43324cf01c81" executionId="85d57f1a-a43a-498e-9769-3bb876789a91" testListId="8c84fa94-04c1-424b-9868-57a2d4851a1d" />
    <TestEntry testId="fdf602e7-0ace-dc3b-07fe-f6247be722fb" executionId="4db8561d-548f-4e5d-aa0f-f829425d0ee3" testListId="8c84fa94-04c1-424b-9868-57a2d4851a1d" />
  </TestEntries>
  <Results>
    <UnitTestResult executionId="00c60a8f-ab14-45c1-b51b-8850f119e1ea" testId="074d3a28-d150-b66f-57b9-7e0da040bdd8" testName="JudgeKeyeventTest" computerName="WIN-XSH" duration="00:00:00.0502378" startTime="2011-01-05T14:57:09.0615234+08:00" endTime="2011-01-05T14:57:09.5273437+08:00" testType="13cdc9d9-ddb5-4fa4-a97d-d965ccfc6d4b" outcome="Passed" testListId="8c84fa94-04c1-424b-9868-57a2d4851a1d" relativeResultsDirectory="00c60a8f-ab14-45c1-b51b-8850f119e1ea">
    </UnitTestResult>
    <UnitTestResult executionId="fc3a2e7b-52f0-473d-9962-9782ffc5156e" testId="084662be-b6c9-1804-888d-880232ba27fc" testName="GetDatasTest" computerName="WIN-XSH" duration="00:00:00.0138288" startTime="2011-01-05T14:57:09.5332031+08:00" endTime="2011-01-05T14:57:09.5595703+08:00" testType="13cdc9d9-ddb5-4fa4-a97d-d965ccfc6d4b" outcome="Passed" testListId="8c84fa94-04c1-424b-9868-57a2d4851a1d" relativeResultsDirectory="fc3a2e7b-52f0-473d-9962-9782ffc5156e">
    </UnitTestResult>
    <UnitTestResult executionId="fb5667a9-f02f-4b91-a900-9889004834e3" testId="0b610023-763f-5d2e-656a-3bc9cfba860b" testName="GetMouseActionDatasTest" computerName="WIN-XSH" duration="00:00:00.0198929" startTime="2011-01-05T14:57:09.5703125+08:00" endTime="2011-01-05T14:57:09.6044921+08:00" testType="13cdc9d9-ddb5-4fa4-a97d-d965ccfc6d4b" outcome="Passed" testListId="8c84fa94-04c1-424b-9868-57a2d4851a1d" relativeResultsDirectory="fb5667a9-f02f-4b91-a900-9889004834e3">
    </UnitTestResult>
    <UnitTestResult executionId="645332ef-1262-458c-b4af-7c86526ede60" testId="132ac66e-ad4c-b06e-9031-6ec6f3c38688" testName="AddKeyboradActionNodesToActionListTest" computerName="WIN-XSH" duration="00:00:00.0080348" startTime="2011-01-05T14:57:09.6123046+08:00" endTime="2011-01-05T14:57:09.6386718+08:00" testType="13cdc9d9-ddb5-4fa4-a97d-d965ccfc6d4b" outcome="Passed" testListId="8c84fa94-04c1-424b-9868-57a2d4851a1d" relativeResultsDirectory="645332ef-1262-458c-b4af-7c86526ede60">
    </UnitTestResult>
    <UnitTestResult executionId="810681bb-22fc-41db-aa62-b60cadfac36c" testId="1fde853e-d3df-281c-ce19-346306c66dc9" testName="AddKeyboradActionNodesToActionListTest" computerName="WIN-XSH" duration="00:00:00.0501775" startTime="2011-01-05T14:57:09.6552734+08:00" endTime="2011-01-05T14:57:09.7177734+08:00" testType="13cdc9d9-ddb5-4fa4-a97d-d965ccfc6d4b" outcome="Failed" testListId="8c84fa94-04c1-424b-9868-57a2d4851a1d" relativeResultsDirectory="810681bb-22fc-41db-aa62-b60cadfac36c">
      <Output>
        <ErrorInfo>
          <Message>Test method Miku.Client.Test.KBActionRecorderLinqTest.AddKeyboradActionNodesToActionListTest threw exception: 
System.NullReferenceException: Object reference not set to an instance of an object.</Message>
          <StackTrace>   at Miku.Client.Models.Recorders.KBActionRecorderLinq_Accessor.AddKeyboradActionNodesToActionList(List`1 datas, IEnumerable`1 re)
   at Miku.Client.Test.KBActionRecorderLinqTest.AddKeyboradActionNodesToActionListTest() in G:\Team\Miku\SimpleMiku\SimpleMiku\Miku.Client.Test\KBActionRecorderLinqTest.cs:line 104
</StackTrace>
        </ErrorInfo>
      </Output>
    </UnitTestResult>
    <UnitTestResult executionId="3b0653c2-2403-481a-aeea-897355eb401b" testId="2a3e0824-7372-7203-e1d6-a28be058ab98" testName="WriteDataTest" computerName="WIN-XSH" duration="00:00:00.0103436" startTime="2011-01-05T14:57:09.7236328+08:00" endTime="2011-01-05T14:57:09.7519531+08:00" testType="13cdc9d9-ddb5-4fa4-a97d-d965ccfc6d4b" outcome="Passed" testListId="8c84fa94-04c1-424b-9868-57a2d4851a1d" relativeResultsDirectory="3b0653c2-2403-481a-aeea-897355eb401b">
    </UnitTestResult>
    <UnitTestResult executionId="540deb1a-efb1-4616-8a39-6bbf7abfd4dd" testId="2b0f40a6-afeb-f090-9d77-5d7a6076bc9b" testName="WriteDataTest" computerName="WIN-XSH" duration="00:00:00.0085776" startTime="2011-01-05T14:57:09.7558593+08:00" endTime="2011-01-05T14:57:09.7734375+08:00" testType="13cdc9d9-ddb5-4fa4-a97d-d965ccfc6d4b" outcome="Passed" testListId="8c84fa94-04c1-424b-9868-57a2d4851a1d" relativeResultsDirectory="540deb1a-efb1-4616-8a39-6bbf7abfd4dd">
    </UnitTestResult>
    <UnitTestResult executionId="8b9a5197-cde8-4997-867c-13f970b880c2" testId="2e20b2c8-e6e3-97e2-9e0e-f03237d81426" testName="AddMouseActionNodesToActionListTest" computerName="WIN-XSH" duration="00:00:00.0083944" startTime="2011-01-05T14:57:09.7783203+08:00" endTime="2011-01-05T14:57:09.7949218+08:00" testType="13cdc9d9-ddb5-4fa4-a97d-d965ccfc6d4b" outcome="Passed" testListId="8c84fa94-04c1-424b-9868-57a2d4851a1d" relativeResultsDirectory="8b9a5197-cde8-4997-867c-13f970b880c2">
    </UnitTestResult>
    <UnitTestResult executionId="41c9e77d-78ab-4588-b41a-17598a2af86f" testId="359dce17-c496-3826-0655-d0a5251ff195" testName="JudgeMouseeventTest" computerName="WIN-XSH" duration="00:00:00.0062297" startTime="2011-01-05T14:57:09.8007812+08:00" endTime="2011-01-05T14:57:09.8144531+08:00" testType="13cdc9d9-ddb5-4fa4-a97d-d965ccfc6d4b" outcome="Passed" testListId="8c84fa94-04c1-424b-9868-57a2d4851a1d" relativeResultsDirectory="41c9e77d-78ab-4588-b41a-17598a2af86f">
    </UnitTestResult>
    <UnitTestResult executionId="c357da6b-c961-4d75-bb03-4f883434451a" testId="37000805-e3d3-d194-910e-da500061ff69" testName="TestMethod1" computerName="WIN-XSH" duration="00:00:00.0860273" startTime="2011-01-05T14:57:09.8183593+08:00" endTime="2011-01-05T14:57:10.2158203+08:00" testType="13cdc9d9-ddb5-4fa4-a97d-d965ccfc6d4b" outcome="Failed" testListId="8c84fa94-04c1-424b-9868-57a2d4851a1d" relativeResultsDirectory="c357da6b-c961-4d75-bb03-4f883434451a">
      <Output>
        <ErrorInfo>
          <Message>Test method Miku.DAL.Test.UnitTest1.TestMethod1 threw exception: 
System.Data.SqlClient.SqlException: 用户 'sa' 登录失败。</Message>
          <StackTrace>    at System.Data.SqlClient.SqlInternalConnection.OnError(SqlException exception, Boolean breakConnection)
   at System.Data.SqlClient.TdsParser.ThrowExceptionAndWarning()
   at System.Data.SqlClient.TdsParser.Run(RunBehavior runBehavior, SqlCommand cmdHandler, SqlDataReader dataStream, BulkCopySimpleResultSet bulkCopyHandler, TdsParserStateObject stateObj)
   at System.Data.SqlClient.SqlInternalConnectionTds.CompleteLogin(Boolean enlistOK)
   at System.Data.SqlClient.SqlInternalConnectionTds.AttemptOneLogin(ServerInfo serverInfo, String newPassword, Boolean ignoreSniOpenTimeout, TimeoutTimer timeout, SqlConnection owningObject)
   at System.Data.SqlClient.SqlInternalConnectionTds.LoginNoFailover(ServerInfo serverInfo, String newPassword, Boolean redirectedUserInstance, SqlConnection owningObject, SqlConnectionString connectionOptions, TimeoutTimer timeout)
   at System.Data.SqlClient.SqlInternalConnectionTds.OpenLoginEnlist(SqlConnection owningObject, TimeoutTimer timeout, SqlConnectionString connectionOptions, String newPassword, Boolean redirectedUserInstance)
   at System.Data.SqlClient.SqlInternalConnectionTds..ctor(DbConnectionPoolIdentity identity, SqlConnectionString connectionOptions, Object providerInfo, String newPassword, SqlConnection owningObject, Boolean redirectedUserInstance)
   at System.Data.SqlClient.SqlConnectionFactory.CreateConnection(DbConnectionOptions options, Object poolGroupProviderInfo, DbConnectionPool pool, DbConnection owningConnection)
   at System.Data.ProviderBase.DbConnectionFactory.CreatePooledConnection(DbConnection owningConnection, DbConnectionPool pool, DbConnectionOptions options)
   at System.Data.ProviderBase.DbConnectionPool.CreateObject(DbConnection owningObject)
   at System.Data.ProviderBase.DbConnectionPool.UserCreateRequest(DbConnection owningObject)
   at System.Data.ProviderBase.DbConnectionPool.GetConnection(DbConnection owningObject)
   at System.Data.ProviderBase.DbConnectionFactory.GetConnection(DbConnection owningConnection)
   at System.Data.ProviderBase.DbConnectionClosed.OpenConnection(DbConnection outerConnection, DbConnectionFactory connectionFactory)
   at System.Data.SqlClient.SqlConnection.Open()
   at System.Data.Linq.DataContext.SubmitChanges(ConflictMode failureMode)
   at System.Data.Linq.DataContext.SubmitChanges()
   at Miku.DAL.Test.UnitTest1.TestMethod1() in G:\Team\Miku\SimpleMiku\SimpleMiku\Miku.Test\UnitTest1.cs:line 30
</StackTrace>
        </ErrorInfo>
      </Output>
    </UnitTestResult>
    <UnitTestResult executionId="4d6b4c19-0724-4d9b-8732-b4ad07d54105" testId="49fd5275-6f51-7ac2-3d0f-ccea8fbc2f6f" testName="WriteDataTest" computerName="WIN-XSH" duration="00:00:00.0094144" startTime="2011-01-05T14:57:10.2304687+08:00" endTime="2011-01-05T14:57:10.2500000+08:00" testType="13cdc9d9-ddb5-4fa4-a97d-d965ccfc6d4b" outcome="Passed" testListId="8c84fa94-04c1-424b-9868-57a2d4851a1d" relativeResultsDirectory="4d6b4c19-0724-4d9b-8732-b4ad07d54105">
    </UnitTestResult>
    <UnitTestResult executionId="59f3aaf0-3130-4daa-916e-9397633d984b" testId="4c80526c-928a-67e8-a5d1-056865b5333e" testName="KBActionRecorderLinqConstructorTest" computerName="WIN-XSH" duration="00:00:00.0024700" startTime="2011-01-05T14:57:10.2539062+08:00" endTime="2011-01-05T14:57:10.2666015+08:00" testType="13cdc9d9-ddb5-4fa4-a97d-d965ccfc6d4b" outcome="Passed" testListId="8c84fa94-04c1-424b-9868-57a2d4851a1d" relativeResultsDirectory="59f3aaf0-3130-4daa-916e-9397633d984b">
    </UnitTestResult>
    <UnitTestResult executionId="06b8e015-e7a1-4219-9f5d-252f81edc4a9" testId="4f405f52-5a9f-3228-892f-0d0cc709508e" testName="MActionRecorderLinqConstructorTest1" computerName="WIN-XSH" duration="00:00:00.0055993" startTime="2011-01-05T14:57:10.2724609+08:00" endTime="2011-01-05T14:57:10.2880859+08:00" testType="13cdc9d9-ddb5-4fa4-a97d-d965ccfc6d4b" outcome="Passed" testListId="8c84fa94-04c1-424b-9868-57a2d4851a1d" relativeResultsDirectory="06b8e015-e7a1-4219-9f5d-252f81edc4a9">
    </UnitTestResult>
    <UnitTestResult executionId="352291a2-acd8-49f5-bc9c-e9fd22f33fa1" testId="4fd399ce-c2ac-ae35-baa9-1855299e1db7" testName="AddMouseActionNodesToActionListTest" computerName="WIN-XSH" duration="00:00:00.0066568" startTime="2011-01-05T14:57:10.2958984+08:00" endTime="2011-01-05T14:57:10.3144531+08:00" testType="13cdc9d9-ddb5-4fa4-a97d-d965ccfc6d4b" outcome="Passed" testListId="8c84fa94-04c1-424b-9868-57a2d4851a1d" relativeResultsDirectory="352291a2-acd8-49f5-bc9c-e9fd22f33fa1">
    </UnitTestResult>
    <UnitTestResult executionId="83f965c1-2398-452b-a50d-2842e81a1802" testId="6736eb01-a01b-c98c-c1fd-34538d7e9bd7" testName="GetMouseActionNodesTest" computerName="WIN-XSH" duration="00:00:00.0074293" startTime="2011-01-05T14:57:10.3183593+08:00" endTime="2011-01-05T14:57:10.3349609+08:00" testType="13cdc9d9-ddb5-4fa4-a97d-d965ccfc6d4b" outcome="Passed" testListId="8c84fa94-04c1-424b-9868-57a2d4851a1d" relativeResultsDirectory="83f965c1-2398-452b-a50d-2842e81a1802">
    </UnitTestResult>
    <UnitTestResult executionId="df430a5a-eb25-4cf8-9c83-0bff519a1a6d" testId="750e142f-11ed-3b17-0d7b-4a799a3fece7" testName="KBMActionRecorderLinqConstructorTest1" computerName="WIN-XSH" duration="00:00:00.0040430" startTime="2011-01-05T14:57:10.3408203+08:00" endTime="2011-01-05T14:57:10.3710937+08:00" testType="13cdc9d9-ddb5-4fa4-a97d-d965ccfc6d4b" outcome="Passed" testListId="8c84fa94-04c1-424b-9868-57a2d4851a1d" relativeResultsDirectory="df430a5a-eb25-4cf8-9c83-0bff519a1a6d">
    </UnitTestResult>
    <UnitTestResult executionId="6debd79a-d51e-482e-87ab-7d5f6482b066" testId="7edec188-4dd0-83ec-7689-4d107522630b" testName="GetDatasTest" computerName="WIN-XSH" duration="00:00:00.0105623" startTime="2011-01-05T14:57:10.3759765+08:00" endTime="2011-01-05T14:57:10.3994140+08:00" testType="13cdc9d9-ddb5-4fa4-a97d-d965ccfc6d4b" outcome="Passed" testListId="8c84fa94-04c1-424b-9868-57a2d4851a1d" relativeResultsDirectory="6debd79a-d51e-482e-87ab-7d5f6482b066">
    </UnitTestResult>
    <UnitTestResult executionId="eab0157e-8d04-4e8c-ba67-4ebdf76123ad" testId="823f77e3-d0e6-dd11-9826-7284ca01aa9f" testName="WriteDataTest1" computerName="WIN-XSH" duration="00:00:00.0064508" startTime="2011-01-05T14:57:10.4023437+08:00" endTime="2011-01-05T14:57:10.4179687+08:00" testType="13cdc9d9-ddb5-4fa4-a97d-d965ccfc6d4b" outcome="Passed" testListId="8c84fa94-04c1-424b-9868-57a2d4851a1d" relativeResultsDirectory="eab0157e-8d04-4e8c-ba67-4ebdf76123ad">
    </UnitTestResult>
    <UnitTestResult executionId="4197ab79-6af8-4332-887c-6d8de556e396" testId="92c1c465-3330-37d4-5f36-7943d4cac84c" testName="JudgeKeyeventTest" computerName="WIN-XSH" duration="00:00:00.0045300" startTime="2011-01-05T14:57:10.4218750+08:00" endTime="2011-01-05T14:57:10.4365234+08:00" testType="13cdc9d9-ddb5-4fa4-a97d-d965ccfc6d4b" outcome="Passed" testListId="8c84fa94-04c1-424b-9868-57a2d4851a1d" relativeResultsDirectory="4197ab79-6af8-4332-887c-6d8de556e396">
    </UnitTestResult>
    <UnitTestResult executionId="a033629f-dc7c-43e3-9167-ca2225657b62" testId="9ea538e5-c6a2-bf0c-dfff-7a76a8219328" testName="GetDatasTest" computerName="WIN-XSH" duration="00:00:00.0274203" startTime="2011-01-05T14:57:10.4462890+08:00" endTime="2011-01-05T14:57:10.4941406+08:00" testType="13cdc9d9-ddb5-4fa4-a97d-d965ccfc6d4b" outcome="Passed" testListId="8c84fa94-04c1-424b-9868-57a2d4851a1d" relativeResultsDirectory="a033629f-dc7c-43e3-9167-ca2225657b62">
    </UnitTestResult>
    <UnitTestResult executionId="ee568aed-1d61-4580-8699-d931e0cf3b58" testId="a094cc17-cb88-3b4d-60bd-63dcadfedf53" testName="AddMouseActionToActionListTest" computerName="WIN-XSH" duration="00:00:00.0260249" startTime="2011-01-05T14:57:10.5078125+08:00" endTime="2011-01-05T14:57:10.5566406+08:00" testType="13cdc9d9-ddb5-4fa4-a97d-d965ccfc6d4b" outcome="Passed" testListId="8c84fa94-04c1-424b-9868-57a2d4851a1d" relativeResultsDirectory="ee568aed-1d61-4580-8699-d931e0cf3b58">
    </UnitTestResult>
    <UnitTestResult executionId="3bd200f9-061a-44d7-aaf0-fed4dd426b4e" testId="a1d9cf2f-ca94-1fa4-72e7-72f45e315643" testName="GetMouseActionNodesTest" computerName="WIN-XSH" duration="00:00:00.0169688" startTime="2011-01-05T14:57:10.5644531+08:00" endTime="2011-01-05T14:57:10.5986328+08:00" testType="13cdc9d9-ddb5-4fa4-a97d-d965ccfc6d4b" outcome="Passed" testListId="8c84fa94-04c1-424b-9868-57a2d4851a1d" relativeResultsDirectory="3bd200f9-061a-44d7-aaf0-fed4dd426b4e">
    </UnitTestResult>
    <UnitTestResult executionId="604c7731-6be3-4725-bbd1-cc3248a5554a" testId="a29c449b-97e1-032e-d9f9-3d299f827d12" testName="MActionRecorderLinqConstructorTest" computerName="WIN-XSH" duration="00:00:00.0109003" startTime="2011-01-05T14:57:10.6074218+08:00" endTime="2011-01-05T14:57:10.6367187+08:00" testType="13cdc9d9-ddb5-4fa4-a97d-d965ccfc6d4b" outcome="Passed" testListId="8c84fa94-04c1-424b-9868-57a2d4851a1d" relativeResultsDirectory="604c7731-6be3-4725-bbd1-cc3248a5554a">
    </UnitTestResult>
    <UnitTestResult executionId="8195ad14-e9ea-4162-869b-10a8f02d125c" testId="cdc4ca46-1f20-c5a9-28ec-4fe875b8bfe5" testName="KBMActionRecorderLinqConstructorTest" computerName="WIN-XSH" duration="00:00:00.0038032" startTime="2011-01-05T14:57:10.6464843+08:00" endTime="2011-01-05T14:57:10.6630859+08:00" testType="13cdc9d9-ddb5-4fa4-a97d-d965ccfc6d4b" outcome="Passed" testListId="8c84fa94-04c1-424b-9868-57a2d4851a1d" relativeResultsDirectory="8195ad14-e9ea-4162-869b-10a8f02d125c">
    </UnitTestResult>
    <UnitTestResult executionId="84eed903-03df-44c3-9b52-892d11f2e917" testId="ce44d49a-bcb6-8223-08fe-e0e7025a1055" testName="AddActionNodesToActionListTest" computerName="WIN-XSH" duration="00:00:00.0101938" startTime="2011-01-05T14:57:10.6767578+08:00" endTime="2011-01-05T14:57:10.7050781+08:00" testType="13cdc9d9-ddb5-4fa4-a97d-d965ccfc6d4b" outcome="Failed" testListId="8c84fa94-04c1-424b-9868-57a2d4851a1d" relativeResultsDirectory="84eed903-03df-44c3-9b52-892d11f2e917">
      <Output>
        <ErrorInfo>
          <Message>Test method Miku.Client.Test.KBMActionRecorderLinqTest.AddActionNodesToActionListTest threw exception: 
System.NullReferenceException: Object reference not set to an instance of an object.</Message>
          <StackTrace>   at Miku.Client.Models.Recorders.KBMActionRecorderLinq_Accessor.AddActionNodesToActionList(List`1 datas, IEnumerable`1 re)
   at Miku.Client.Test.KBMActionRecorderLinqTest.AddActionNodesToActionListTest() in G:\Team\Miku\SimpleMiku\SimpleMiku\Miku.Client.Test\KBMActionRecorderLinqTest.cs:line 106
</StackTrace>
        </ErrorInfo>
      </Output>
    </UnitTestResult>
    <UnitTestResult executionId="12e35982-dd24-4286-bfcd-d80a3632b940" testId="d208e47e-0502-18fe-7042-0afe8fb79b2d" testName="GetActionNodesTest" computerName="WIN-XSH" duration="00:00:00.0069500" startTime="2011-01-05T14:57:10.7099609+08:00" endTime="2011-01-05T14:57:10.7373046+08:00" testType="13cdc9d9-ddb5-4fa4-a97d-d965ccfc6d4b" outcome="Passed" testListId="8c84fa94-04c1-424b-9868-57a2d4851a1d" relativeResultsDirectory="12e35982-dd24-4286-bfcd-d80a3632b940">
    </UnitTestResult>
    <UnitTestResult executionId="984c5972-5901-4394-a97d-a2e4d6cc4602" testId="de8df89c-83bc-d6af-1f47-cccbd2125445" testName="JudgeMouseeventTest" computerName="WIN-XSH" duration="00:00:00.0093851" startTime="2011-01-05T14:57:10.7470703+08:00" endTime="2011-01-05T14:57:10.7724609+08:00" testType="13cdc9d9-ddb5-4fa4-a97d-d965ccfc6d4b" outcome="Passed" testListId="8c84fa94-04c1-424b-9868-57a2d4851a1d" relativeResultsDirectory="984c5972-5901-4394-a97d-a2e4d6cc4602">
    </UnitTestResult>
    <UnitTestResult executionId="aca1f1af-a59b-4bc4-8822-108d16bd39d2" testId="e12cffd0-a277-ce4a-73f5-bb421ed2903f" testName="GetKeyboradActionNodesTest" computerName="WIN-XSH" duration="00:00:00.0344246" startTime="2011-01-05T14:57:10.7783203+08:00" endTime="2011-01-05T14:57:10.8466796+08:00" testType="13cdc9d9-ddb5-4fa4-a97d-d965ccfc6d4b" outcome="Passed" testListId="8c84fa94-04c1-424b-9868-57a2d4851a1d" relativeResultsDirectory="aca1f1af-a59b-4bc4-8822-108d16bd39d2">
    </UnitTestResult>
    <UnitTestResult executionId="d16ad707-ef81-41f4-9336-69f7ff9b016b" testId="ee7bda79-4244-6b77-1a5b-ea61dadeb9dc" testName="GetKeyboardActionDatasTest" computerName="WIN-XSH" duration="00:00:00.0126948" startTime="2011-01-05T14:57:10.8652343+08:00" endTime="2011-01-05T14:57:10.8876953+08:00" testType="13cdc9d9-ddb5-4fa4-a97d-d965ccfc6d4b" outcome="Passed" testListId="8c84fa94-04c1-424b-9868-57a2d4851a1d" relativeResultsDirectory="d16ad707-ef81-41f4-9336-69f7ff9b016b">
    </UnitTestResult>
    <UnitTestResult executionId="85d57f1a-a43a-498e-9769-3bb876789a91" testId="f24fc520-1e6a-d441-0991-43324cf01c81" testName="GetKeyboradActionNodesTest" computerName="WIN-XSH" duration="00:00:00.0099568" startTime="2011-01-05T14:57:10.9033203+08:00" endTime="2011-01-05T14:57:10.9296875+08:00" testType="13cdc9d9-ddb5-4fa4-a97d-d965ccfc6d4b" outcome="Passed" testListId="8c84fa94-04c1-424b-9868-57a2d4851a1d" relativeResultsDirectory="85d57f1a-a43a-498e-9769-3bb876789a91">
    </UnitTestResult>
    <UnitTestResult executionId="4db8561d-548f-4e5d-aa0f-f829425d0ee3" testId="fdf602e7-0ace-dc3b-07fe-f6247be722fb" testName="AddKeyboardActionToActionListTest" computerName="WIN-XSH" duration="00:00:00.0081578" startTime="2011-01-05T14:57:10.9394531+08:00" endTime="2011-01-05T14:57:10.9589843+08:00" testType="13cdc9d9-ddb5-4fa4-a97d-d965ccfc6d4b" outcome="Passed" testListId="8c84fa94-04c1-424b-9868-57a2d4851a1d" relativeResultsDirectory="4db8561d-548f-4e5d-aa0f-f829425d0ee3">
    </UnitTestResult>
  </Results>
</TestRun>