<?xml version="1.0" encoding="UTF-8"?>
<TestRun id="b06fd02e-844a-43b4-886c-4e410e3b088c" name="Xshi@WIN-XSH 2011-01-05 14:59:52" runUser="WIN-XSH\Xshi" xmlns="http://microsoft.com/schemas/VisualStudio/TeamTest/2010">
  <TestSettings name="Local" id="bb1d265e-4737-41bc-af0d-b611d037b4bb">
    <Description>These are default test settings for a local test run.</Description>
    <Deployment enabled="false" runDeploymentRoot="Xshi_WIN-XSH 2011-01-05 14_59_52">
      <DeploymentItem filename="G:\Team\Miku\SimpleMiku\SimpleMiku\Miku\bin\Debug\Miku.Client.exe" />
      <DeploymentItem filename="C:\Program Files\Microsoft SDKs\Expression\Blend\.NETFramework\v4.0\Libraries\Microsoft.Expression.Interactions.dll" />
      <DeploymentItem filename="C:\Program Files\Microsoft SDKs\Expression\Blend\.NETFramework\v4.0\Libraries\System.Windows.Interactivity.dll" />
    </Deployment>
    <Execution>
      <TestTypeSpecific />
      <AgentRule name="Execution Agents">
      </AgentRule>
    </Execution>
  </TestSettings>
  <Times creation="2011-01-05T14:59:52.4755859+08:00" queuing="2011-01-05T14:59:52.5449218+08:00" start="2011-01-05T14:59:52.5869140+08:00" finish="2011-01-05T14:59:53.2441406+08:00" />
  <ResultSummary outcome="Warning">
    <Counters total="1" executed="1" passed="1" error="0" failed="0" timeout="0" aborted="0" inconclusive="0" passedButRunAborted="0" notRunnable="0" notExecuted="0" disconnected="0" warning="0" completed="0" inProgress="0" pending="0" />
    <RunInfos>
      <RunInfo computerName="WIN-XSH" outcome="Warning" timestamp="2011-01-05T14:59:52.5439453+08:00">
        <Text>Deployment is currently disabled. The deployment item 'Miku.Client.exe' on test 'Miku.Client.Test.KBMActionRecorderLinqTest.AddActionNodesToActionListTest' was not deployed.</Text>
      </RunInfo>
    </RunInfos>
  </ResultSummary>
  <TestDefinitions>
    <UnitTest name="AddActionNodesToActionListTest" storage="g:\team\miku\simplemiku\simplemiku\miku.client.test\bin\debug\miku.client.test.dll" id="ce44d49a-bcb6-8223-08fe-e0e7025a1055">
      <DeploymentItems>
        <DeploymentItem filename="Miku.Client.exe" />
      </DeploymentItems>
      <Execution id="58b647d6-8ef7-469b-8580-230583cebfb7" />
      <TestMethod codeBase="G:/Team/Miku/SimpleMiku/SimpleMiku/Miku.Client.Test/bin/Debug/Miku.Client.Test.DLL" adapterTypeName="Microsoft.VisualStudio.TestTools.TestTypes.Unit.UnitTestAdapter, Microsoft.VisualStudio.QualityTools.Tips.UnitTest.Adapter, Version=10.0.0.0, Culture=neutral, PublicKeyToken=b03f5f7f11d50a3a" className="Miku.Client.Test.KBMActionRecorderLinqTest, Miku.Client.Test, Version=1.0.0.0, Culture=neutral, PublicKeyToken=null" name="AddActionNodesToActionListTest" />
    </UnitTest>
  </TestDefinitions>
  <TestLists>
    <TestList name="Results Not in a List" id="8c84fa94-04c1-424b-9868-57a2d4851a1d" />
    <TestList name="All Loaded Results" id="19431567-8539-422a-85d7-44ee4e166bda" />
  </TestLists>
  <TestEntries>
    <TestEntry testId="ce44d49a-bcb6-8223-08fe-e0e7025a1055" executionId="58b647d6-8ef7-469b-8580-230583cebfb7" testListId="8c84fa94-04c1-424b-9868-57a2d4851a1d" />
  </TestEntries>
  <Results>
    <UnitTestResult executionId="58b647d6-8ef7-469b-8580-230583cebfb7" testId="ce44d49a-bcb6-8223-08fe-e0e7025a1055" testName="AddActionNodesToActionListTest" computerName="WIN-XSH" duration="00:00:00.0588895" startTime="2011-01-05T14:59:52.6259765+08:00" endTime="2011-01-05T14:59:53.1640625+08:00" testType="13cdc9d9-ddb5-4fa4-a97d-d965ccfc6d4b" outcome="Passed" testListId="8c84fa94-04c1-424b-9868-57a2d4851a1d" relativeResultsDirectory="58b647d6-8ef7-469b-8580-230583cebfb7">
    </UnitTestResult>
  </Results>
</TestRun>