<?xml version="1.0" encoding="UTF-8"?>
<TestRun id="424c0e18-fa88-482b-97b3-399f31bf36db" name="Xshi@WIN-XSH 2011-01-05 14:45:28" runUser="WIN-XSH\Xshi" xmlns="http://microsoft.com/schemas/VisualStudio/TeamTest/2010">
  <TestSettings name="Local" id="bb1d265e-4737-41bc-af0d-b611d037b4bb">
    <Description>These are default test settings for a local test run.</Description>
    <Deployment enabled="false" runDeploymentRoot="Xshi_WIN-XSH 2011-01-05 14_45_28">
      <DeploymentItem filename="G:\Team\Miku\SimpleMiku\SimpleMiku\Miku\bin\Debug\Miku.Client.exe" />
      <DeploymentItem filename="C:\Program Files\Microsoft SDKs\Expression\Blend\.NETFramework\v4.0\Libraries\Microsoft.Expression.Interactions.dll" />
      <DeploymentItem filename="C:\Program Files\Microsoft SDKs\Expression\Blend\.NETFramework\v4.0\Libraries\System.Windows.Interactivity.dll" />
    </Deployment>
    <Execution>
      <TestTypeSpecific />
      <AgentRule name="Execution Agents">
      </AgentRule>
    </Execution>
  </TestSettings>
  <Times creation="2011-01-05T14:45:28.4609375+08:00" queuing="2011-01-05T14:45:28.5214843+08:00" start="2011-01-05T14:45:28.6162109+08:00" finish="2011-01-05T14:45:29.2011718+08:00" />
  <ResultSummary outcome="Failed">
    <Counters total="1" executed="1" error="0" failed="1" timeout="0" aborted="0" inconclusive="0" passedButRunAborted="0" notRunnable="0" notExecuted="0" disconnected="0" warning="0" passed="0" completed="0" inProgress="0" pending="0" />
    <RunInfos>
      <RunInfo computerName="WIN-XSH" outcome="Warning" timestamp="2011-01-05T14:45:28.5205078+08:00">
        <Text>Deployment is currently disabled. The deployment item 'Miku.Client.exe' on test 'Miku.Client.Test.KBMActionRecorderLinqTest.GetKeyboradActionNodesTest' was not deployed.</Text>
      </RunInfo>
    </RunInfos>
  </ResultSummary>
  <TestDefinitions>
    <UnitTest name="GetKeyboradActionNodesTest" storage="g:\team\miku\simplemiku\simplemiku\miku.client.test\bin\debug\miku.client.test.dll" id="e12cffd0-a277-ce4a-73f5-bb421ed2903f">
      <DeploymentItems>
        <DeploymentItem filename="Miku.Client.exe" />
      </DeploymentItems>
      <Execution id="66657b28-a14a-4f8d-ae3a-284ea47e27b3" />
      <TestMethod codeBase="G:/Team/Miku/SimpleMiku/SimpleMiku/Miku.Client.Test/bin/Debug/Miku.Client.Test.DLL" adapterTypeName="Microsoft.VisualStudio.TestTools.TestTypes.Unit.UnitTestAdapter, Microsoft.VisualStudio.QualityTools.Tips.UnitTest.Adapter, Version=10.0.0.0, Culture=neutral, PublicKeyToken=b03f5f7f11d50a3a" className="Miku.Client.Test.KBMActionRecorderLinqTest, Miku.Client.Test, Version=1.0.0.0, Culture=neutral, PublicKeyToken=null" name="GetKeyboradActionNodesTest" />
    </UnitTest>
  </TestDefinitions>
  <TestLists>
    <TestList name="Results Not in a List" id="8c84fa94-04c1-424b-9868-57a2d4851a1d" />
    <TestList name="All Loaded Results" id="19431567-8539-422a-85d7-44ee4e166bda" />
  </TestLists>
  <TestEntries>
    <TestEntry testId="e12cffd0-a277-ce4a-73f5-bb421ed2903f" executionId="66657b28-a14a-4f8d-ae3a-284ea47e27b3" testListId="8c84fa94-04c1-424b-9868-57a2d4851a1d" />
  </TestEntries>
  <Results>
    <UnitTestResult executionId="66657b28-a14a-4f8d-ae3a-284ea47e27b3" testId="e12cffd0-a277-ce4a-73f5-bb421ed2903f" testName="GetKeyboradActionNodesTest" computerName="WIN-XSH" duration="00:00:00.1298273" startTime="2011-01-05T14:45:28.6250000+08:00" endTime="2011-01-05T14:45:29.1689453+08:00" testType="13cdc9d9-ddb5-4fa4-a97d-d965ccfc6d4b" outcome="Failed" testListId="8c84fa94-04c1-424b-9868-57a2d4851a1d" relativeResultsDirectory="66657b28-a14a-4f8d-ae3a-284ea47e27b3">
      <Output>
        <ErrorInfo>
          <Message>Assert.AreEqual failed. Expected:&lt;System.Collections.Generic.List`1[System.Xml.Linq.XElement] (System.Collections.Generic.List`1[[System.Xml.Linq.XElement, System.Xml.Linq, Version=4.0.0.0, Culture=neutral, PublicKeyToken=b77a5c561934e089]])&gt;. Actual:&lt;System.Linq.Enumerable+WhereEnumerableIterator`1[System.Xml.Linq.XElement] (System.Linq.Enumerable+WhereEnumerableIterator`1[[System.Xml.Linq.XElement, System.Xml.Linq, Version=4.0.0.0, Culture=neutral, PublicKeyToken=b77a5c561934e089]])&gt;. </Message>
          <StackTrace>   at Miku.Client.Test.KBMActionRecorderLinqTest.GetKeyboradActionNodesTest() in G:\Team\Miku\SimpleMiku\SimpleMiku\Miku.Client.Test\KBMActionRecorderLinqTest.cs:line 287
</StackTrace>
        </ErrorInfo>
      </Output>
    </UnitTestResult>
  </Results>
</TestRun>